no change     /home/users/lz280/miniconda3/condabin/conda
no change     /home/users/lz280/miniconda3/bin/conda
no change     /home/users/lz280/miniconda3/bin/conda-env
no change     /home/users/lz280/miniconda3/bin/activate
no change     /home/users/lz280/miniconda3/bin/deactivate
no change     /home/users/lz280/miniconda3/etc/profile.d/conda.sh
no change     /home/users/lz280/miniconda3/etc/fish/conf.d/conda.fish
no change     /home/users/lz280/miniconda3/shell/condabin/Conda.psm1
no change     /home/users/lz280/miniconda3/shell/condabin/conda-hook.ps1
no change     /home/users/lz280/miniconda3/lib/python3.12/site-packages/xontrib/conda.xsh
no change     /home/users/lz280/miniconda3/etc/profile.d/conda.csh
no change     /home/users/lz280/.bashrc
No action taken.
Path for output 6dv2_strip.pdb exists and is nonempty. Assuming correct.
Path for output 6dv2_strip_reduce.pdb exists and is nonempty. Assuming correct.
Path for output 6dv2_strip_reduce_prep.pdb exists and is nonempty. Assuming correct.
Path for output 6dv2_strip_reduce_prep_rc.pdb exists and is nonempty. Assuming correct.
Path for output 6dv2_strip_reduce_prep_rc_add.pdb exists and is nonempty. Assuming correct.
Path for output 6dv2_strip_reduce_prep_rc_add_rc.pdb exists and is nonempty. Assuming correct.
Path for output 6dv2_strip_reduce_prep_rc_add_rc_steps100.pdb exists and is nonempty. Assuming correct.
Path for output 6dv2_strip_reduce_prep_rc_add_rc_steps100_rc.pdb exists and is nonempty. Assuming correct.
