stty: 'standard input': Inappropriate ioctl for device
ERROR: Unable to locate a modulefile for 'Java/17'
warning: using incubating module(s): jdk.incubator.foreign
Note: /home/users/lz280/IdeaProjects/OSPREY3/src/test/java/edu/duke/cs/osprey/kstar/TestCometsZWithMARKStarPerformance.java uses or overrides a deprecated API.
Note: Recompile with -Xlint:deprecation for details.
1 warning
WARNING: Using incubator modules: jdk.incubator.foreign

2 tests completed, 1 failed, 1 skipped
Failed to execute org.gradle.cache.internal.AsyncCacheAccessDecoratedCache$$Lambda$396/0x000000080108a7d0@68649e28.
org.gradle.api.UncheckedIOException: Could not add entry '/home/users/lz280/IdeaProjects/OSPREY3/build/reports/tests/test' to cache outputFiles.bin (/home/users/lz280/IdeaProjects/OSPREY3/.gradle/buildOutputCleanup/outputFiles.bin).
	at org.gradle.cache.internal.btree.BTreePersistentIndexedCache.put(BTreePersistentIndexedCache.java:162)
	at org.gradle.cache.internal.DefaultMultiProcessSafePersistentIndexedCache.lambda$put$1(DefaultMultiProcessSafePersistentIndexedCache.java:67)
	at org.gradle.cache.internal.DefaultFileLockManager$DefaultFileLock.doWriteAction(DefaultFileLockManager.java:216)
	at org.gradle.cache.internal.DefaultFileLockManager$DefaultFileLock.writeFile(DefaultFileLockManager.java:206)
	at org.gradle.cache.internal.DefaultCacheAccess$UnitOfWorkFileAccess.writeFile(DefaultCacheAccess.java:449)
	at org.gradle.cache.internal.DefaultMultiProcessSafePersistentIndexedCache.put(DefaultMultiProcessSafePersistentIndexedCache.java:67)
	at org.gradle.cache.internal.AsyncCacheAccessDecoratedCache.lambda$putLater$1(AsyncCacheAccessDecoratedCache.java:56)
	at org.gradle.internal.concurrent.ExecutorPolicy$CatchAndRecordFailures.onExecute(ExecutorPolicy.java:64)
	at org.gradle.cache.internal.CacheAccessWorker$2.run(CacheAccessWorker.java:185)
	at org.gradle.internal.Factories$1.create(Factories.java:31)
	at org.gradle.cache.internal.DefaultCacheAccess.useCache(DefaultCacheAccess.java:220)
	at org.gradle.cache.internal.DefaultCacheAccess.useCache(DefaultCacheAccess.java:201)
	at org.gradle.cache.internal.CacheAccessWorker.flushOperations(CacheAccessWorker.java:175)
	at org.gradle.cache.internal.CacheAccessWorker.run(CacheAccessWorker.java:145)
	at org.gradle.internal.concurrent.ExecutorPolicy$CatchAndRecordFailures.onExecute(ExecutorPolicy.java:64)
	at org.gradle.internal.concurrent.ManagedExecutorImpl$1.run(ManagedExecutorImpl.java:48)
	at java.base/java.util.concurrent.ThreadPoolExecutor.runWorker(ThreadPoolExecutor.java:1136)
	at java.base/java.util.concurrent.ThreadPoolExecutor$Worker.run(ThreadPoolExecutor.java:635)
	at org.gradle.internal.concurrent.ThreadFactoryImpl$ManagedThreadRunnable.run(ThreadFactoryImpl.java:61)
	at java.base/java.lang.Thread.run(Thread.java:833)
Caused by: org.gradle.api.UncheckedIOException: java.io.IOException: Stale file handle
	at org.gradle.cache.internal.btree.FileBackedBlockStore.read(FileBackedBlockStore.java:128)
	at org.gradle.cache.internal.btree.CachingBlockStore.read(CachingBlockStore.java:100)
	at org.gradle.cache.internal.btree.FreeListBlockStore.read(FreeListBlockStore.java:86)
	at org.gradle.cache.internal.btree.StateCheckBlockStore.read(StateCheckBlockStore.java:67)
	at org.gradle.cache.internal.btree.BTreePersistentIndexedCache.put(BTreePersistentIndexedCache.java:147)
	... 19 more
Caused by: java.io.IOException: Stale file handle
	at java.base/java.io.RandomAccessFile.readBytes(Native Method)
	at java.base/java.io.RandomAccessFile.read(RandomAccessFile.java:405)
	at org.gradle.internal.io.RandomAccessFileInputStream.read(RandomAccessFileInputStream.java:52)
	at java.base/java.io.BufferedInputStream.fill(BufferedInputStream.java:244)
	at java.base/java.io.BufferedInputStream.read(BufferedInputStream.java:263)
	at com.google.common.io.CountingInputStream.read(CountingInputStream.java:54)
	at java.base/java.io.DataInputStream.readByte(DataInputStream.java:271)
	at org.gradle.cache.internal.btree.FileBackedBlockStore$BlockImpl.read(FileBackedBlockStore.java:244)
	at org.gradle.cache.internal.btree.FileBackedBlockStore.read(FileBackedBlockStore.java:123)
	... 23 more
Failed to execute org.gradle.cache.internal.AsyncCacheAccessDecoratedCache$$Lambda$396/0x000000080108a7d0@2c6a9bce.
org.gradle.api.UncheckedIOException: Could not add entry '/home/users/lz280/IdeaProjects/OSPREY3/build/reports/tests' to cache outputFiles.bin (/home/users/lz280/IdeaProjects/OSPREY3/.gradle/buildOutputCleanup/outputFiles.bin).
	at org.gradle.cache.internal.btree.BTreePersistentIndexedCache.put(BTreePersistentIndexedCache.java:162)
	at org.gradle.cache.internal.DefaultMultiProcessSafePersistentIndexedCache.lambda$put$1(DefaultMultiProcessSafePersistentIndexedCache.java:67)
	at org.gradle.cache.internal.DefaultFileLockManager$DefaultFileLock.doWriteAction(DefaultFileLockManager.java:216)
	at org.gradle.cache.internal.DefaultFileLockManager$DefaultFileLock.writeFile(DefaultFileLockManager.java:206)
	at org.gradle.cache.internal.DefaultCacheAccess$UnitOfWorkFileAccess.writeFile(DefaultCacheAccess.java:449)
	at org.gradle.cache.internal.DefaultMultiProcessSafePersistentIndexedCache.put(DefaultMultiProcessSafePersistentIndexedCache.java:67)
	at org.gradle.cache.internal.AsyncCacheAccessDecoratedCache.lambda$putLater$1(AsyncCacheAccessDecoratedCache.java:56)
	at org.gradle.internal.concurrent.ExecutorPolicy$CatchAndRecordFailures.onExecute(ExecutorPolicy.java:64)
	at org.gradle.cache.internal.CacheAccessWorker$2.run(CacheAccessWorker.java:185)
	at org.gradle.internal.Factories$1.create(Factories.java:31)
	at org.gradle.cache.internal.DefaultCacheAccess.useCache(DefaultCacheAccess.java:220)
	at org.gradle.cache.internal.DefaultCacheAccess.useCache(DefaultCacheAccess.java:201)
	at org.gradle.cache.internal.CacheAccessWorker.flushOperations(CacheAccessWorker.java:175)
	at org.gradle.cache.internal.CacheAccessWorker.run(CacheAccessWorker.java:145)
	at org.gradle.internal.concurrent.ExecutorPolicy$CatchAndRecordFailures.onExecute(ExecutorPolicy.java:64)
	at org.gradle.internal.concurrent.ManagedExecutorImpl$1.run(ManagedExecutorImpl.java:48)
	at java.base/java.util.concurrent.ThreadPoolExecutor.runWorker(ThreadPoolExecutor.java:1136)
	at java.base/java.util.concurrent.ThreadPoolExecutor$Worker.run(ThreadPoolExecutor.java:635)
	at org.gradle.internal.concurrent.ThreadFactoryImpl$ManagedThreadRunnable.run(ThreadFactoryImpl.java:61)
	at java.base/java.lang.Thread.run(Thread.java:833)
Caused by: org.gradle.api.UncheckedIOException: java.io.IOException: Stale file handle
	at org.gradle.cache.internal.btree.FileBackedBlockStore.read(FileBackedBlockStore.java:128)
	at org.gradle.cache.internal.btree.CachingBlockStore.read(CachingBlockStore.java:100)
	at org.gradle.cache.internal.btree.FreeListBlockStore.read(FreeListBlockStore.java:86)
	at org.gradle.cache.internal.btree.StateCheckBlockStore.read(StateCheckBlockStore.java:67)
	at org.gradle.cache.internal.btree.BTreePersistentIndexedCache.put(BTreePersistentIndexedCache.java:147)
	... 19 more
Caused by: java.io.IOException: Stale file handle
	at java.base/java.io.RandomAccessFile.readBytes(Native Method)
	at java.base/java.io.RandomAccessFile.read(RandomAccessFile.java:405)
	at org.gradle.internal.io.RandomAccessFileInputStream.read(RandomAccessFileInputStream.java:52)
	at java.base/java.io.BufferedInputStream.fill(BufferedInputStream.java:244)
	at java.base/java.io.BufferedInputStream.read(BufferedInputStream.java:263)
	at com.google.common.io.CountingInputStream.read(CountingInputStream.java:54)
	at java.base/java.io.DataInputStream.readByte(DataInputStream.java:271)
	at org.gradle.cache.internal.btree.FileBackedBlockStore$BlockImpl.read(FileBackedBlockStore.java:244)
	at org.gradle.cache.internal.btree.FileBackedBlockStore.read(FileBackedBlockStore.java:123)
	... 23 more
Failed to execute org.gradle.cache.internal.AsyncCacheAccessDecoratedCache$$Lambda$396/0x000000080108a7d0@376e77a9.
org.gradle.api.UncheckedIOException: Could not add entry '/home/users/lz280/IdeaProjects/OSPREY3/build/reports' to cache outputFiles.bin (/home/users/lz280/IdeaProjects/OSPREY3/.gradle/buildOutputCleanup/outputFiles.bin).
	at org.gradle.cache.internal.btree.BTreePersistentIndexedCache.put(BTreePersistentIndexedCache.java:162)
	at org.gradle.cache.internal.DefaultMultiProcessSafePersistentIndexedCache.lambda$put$1(DefaultMultiProcessSafePersistentIndexedCache.java:67)
	at org.gradle.cache.internal.DefaultFileLockManager$DefaultFileLock.doWriteAction(DefaultFileLockManager.java:216)
	at org.gradle.cache.internal.DefaultFileLockManager$DefaultFileLock.writeFile(DefaultFileLockManager.java:206)
	at org.gradle.cache.internal.DefaultCacheAccess$UnitOfWorkFileAccess.writeFile(DefaultCacheAccess.java:449)
	at org.gradle.cache.internal.DefaultMultiProcessSafePersistentIndexedCache.put(DefaultMultiProcessSafePersistentIndexedCache.java:67)
	at org.gradle.cache.internal.AsyncCacheAccessDecoratedCache.lambda$putLater$1(AsyncCacheAccessDecoratedCache.java:56)
	at org.gradle.internal.concurrent.ExecutorPolicy$CatchAndRecordFailures.onExecute(ExecutorPolicy.java:64)
	at org.gradle.cache.internal.CacheAccessWorker$2.run(CacheAccessWorker.java:185)
	at org.gradle.internal.Factories$1.create(Factories.java:31)
	at org.gradle.cache.internal.DefaultCacheAccess.useCache(DefaultCacheAccess.java:220)
	at org.gradle.cache.internal.DefaultCacheAccess.useCache(DefaultCacheAccess.java:201)
	at org.gradle.cache.internal.CacheAccessWorker.flushOperations(CacheAccessWorker.java:175)
	at org.gradle.cache.internal.CacheAccessWorker.run(CacheAccessWorker.java:145)
	at org.gradle.internal.concurrent.ExecutorPolicy$CatchAndRecordFailures.onExecute(ExecutorPolicy.java:64)
	at org.gradle.internal.concurrent.ManagedExecutorImpl$1.run(ManagedExecutorImpl.java:48)
	at java.base/java.util.concurrent.ThreadPoolExecutor.runWorker(ThreadPoolExecutor.java:1136)
	at java.base/java.util.concurrent.ThreadPoolExecutor$Worker.run(ThreadPoolExecutor.java:635)
	at org.gradle.internal.concurrent.ThreadFactoryImpl$ManagedThreadRunnable.run(ThreadFactoryImpl.java:61)
	at java.base/java.lang.Thread.run(Thread.java:833)
Caused by: org.gradle.api.UncheckedIOException: java.io.IOException: Stale file handle
	at org.gradle.cache.internal.btree.FileBackedBlockStore.read(FileBackedBlockStore.java:128)
	at org.gradle.cache.internal.btree.CachingBlockStore.read(CachingBlockStore.java:100)
	at org.gradle.cache.internal.btree.FreeListBlockStore.read(FreeListBlockStore.java:86)
	at org.gradle.cache.internal.btree.StateCheckBlockStore.read(StateCheckBlockStore.java:67)
	at org.gradle.cache.internal.btree.BTreePersistentIndexedCache.put(BTreePersistentIndexedCache.java:147)
	... 19 more
Caused by: java.io.IOException: Stale file handle
	at java.base/java.io.RandomAccessFile.readBytes(Native Method)
	at java.base/java.io.RandomAccessFile.read(RandomAccessFile.java:405)
	at org.gradle.internal.io.RandomAccessFileInputStream.read(RandomAccessFileInputStream.java:52)
	at java.base/java.io.BufferedInputStream.fill(BufferedInputStream.java:244)
	at java.base/java.io.BufferedInputStream.read(BufferedInputStream.java:263)
	at com.google.common.io.CountingInputStream.read(CountingInputStream.java:54)
	at java.base/java.io.DataInputStream.readByte(DataInputStream.java:271)
	at org.gradle.cache.internal.btree.FileBackedBlockStore$BlockImpl.read(FileBackedBlockStore.java:244)
	at org.gradle.cache.internal.btree.FileBackedBlockStore.read(FileBackedBlockStore.java:123)
	... 23 more
Failed to execute org.gradle.cache.internal.AsyncCacheAccessDecoratedCache$$Lambda$396/0x000000080108a7d0@671c67b.
org.gradle.api.UncheckedIOException: Could not add entry '/home/users/lz280/IdeaProjects/OSPREY3/build' to cache outputFiles.bin (/home/users/lz280/IdeaProjects/OSPREY3/.gradle/buildOutputCleanup/outputFiles.bin).
	at org.gradle.cache.internal.btree.BTreePersistentIndexedCache.put(BTreePersistentIndexedCache.java:162)
	at org.gradle.cache.internal.DefaultMultiProcessSafePersistentIndexedCache.lambda$put$1(DefaultMultiProcessSafePersistentIndexedCache.java:67)
	at org.gradle.cache.internal.DefaultFileLockManager$DefaultFileLock.doWriteAction(DefaultFileLockManager.java:216)
	at org.gradle.cache.internal.DefaultFileLockManager$DefaultFileLock.writeFile(DefaultFileLockManager.java:206)
	at org.gradle.cache.internal.DefaultCacheAccess$UnitOfWorkFileAccess.writeFile(DefaultCacheAccess.java:449)
	at org.gradle.cache.internal.DefaultMultiProcessSafePersistentIndexedCache.put(DefaultMultiProcessSafePersistentIndexedCache.java:67)
	at org.gradle.cache.internal.AsyncCacheAccessDecoratedCache.lambda$putLater$1(AsyncCacheAccessDecoratedCache.java:56)
	at org.gradle.internal.concurrent.ExecutorPolicy$CatchAndRecordFailures.onExecute(ExecutorPolicy.java:64)
	at org.gradle.cache.internal.CacheAccessWorker$2.run(CacheAccessWorker.java:185)
	at org.gradle.internal.Factories$1.create(Factories.java:31)
	at org.gradle.cache.internal.DefaultCacheAccess.useCache(DefaultCacheAccess.java:220)
	at org.gradle.cache.internal.DefaultCacheAccess.useCache(DefaultCacheAccess.java:201)
	at org.gradle.cache.internal.CacheAccessWorker.flushOperations(CacheAccessWorker.java:175)
	at org.gradle.cache.internal.CacheAccessWorker.run(CacheAccessWorker.java:145)
	at org.gradle.internal.concurrent.ExecutorPolicy$CatchAndRecordFailures.onExecute(ExecutorPolicy.java:64)
	at org.gradle.internal.concurrent.ManagedExecutorImpl$1.run(ManagedExecutorImpl.java:48)
	at java.base/java.util.concurrent.ThreadPoolExecutor.runWorker(ThreadPoolExecutor.java:1136)
	at java.base/java.util.concurrent.ThreadPoolExecutor$Worker.run(ThreadPoolExecutor.java:635)
	at org.gradle.internal.concurrent.ThreadFactoryImpl$ManagedThreadRunnable.run(ThreadFactoryImpl.java:61)
	at java.base/java.lang.Thread.run(Thread.java:833)
Caused by: org.gradle.api.UncheckedIOException: java.io.IOException: Stale file handle
	at org.gradle.cache.internal.btree.FileBackedBlockStore.read(FileBackedBlockStore.java:128)
	at org.gradle.cache.internal.btree.CachingBlockStore.read(CachingBlockStore.java:100)
	at org.gradle.cache.internal.btree.FreeListBlockStore.read(FreeListBlockStore.java:86)
	at org.gradle.cache.internal.btree.StateCheckBlockStore.read(StateCheckBlockStore.java:67)
	at org.gradle.cache.internal.btree.BTreePersistentIndexedCache.put(BTreePersistentIndexedCache.java:147)
	... 19 more
Caused by: java.io.IOException: Stale file handle
	at java.base/java.io.RandomAccessFile.readBytes(Native Method)
	at java.base/java.io.RandomAccessFile.read(RandomAccessFile.java:405)
	at org.gradle.internal.io.RandomAccessFileInputStream.read(RandomAccessFileInputStream.java:52)
	at java.base/java.io.BufferedInputStream.fill(BufferedInputStream.java:244)
	at java.base/java.io.BufferedInputStream.read(BufferedInputStream.java:263)
	at com.google.common.io.CountingInputStream.read(CountingInputStream.java:54)
	at java.base/java.io.DataInputStream.readByte(DataInputStream.java:271)
	at org.gradle.cache.internal.btree.FileBackedBlockStore$BlockImpl.read(FileBackedBlockStore.java:244)
	at org.gradle.cache.internal.btree.FileBackedBlockStore.read(FileBackedBlockStore.java:123)
	... 23 more
Failed to execute org.gradle.cache.internal.AsyncCacheAccessDecoratedCache$$Lambda$396/0x000000080108a7d0@61f77b5b.
org.gradle.api.UncheckedIOException: Could not add entry '/home/users/lz280/IdeaProjects/OSPREY3' to cache outputFiles.bin (/home/users/lz280/IdeaProjects/OSPREY3/.gradle/buildOutputCleanup/outputFiles.bin).
	at org.gradle.cache.internal.btree.BTreePersistentIndexedCache.put(BTreePersistentIndexedCache.java:162)
	at org.gradle.cache.internal.DefaultMultiProcessSafePersistentIndexedCache.lambda$put$1(DefaultMultiProcessSafePersistentIndexedCache.java:67)
	at org.gradle.cache.internal.DefaultFileLockManager$DefaultFileLock.doWriteAction(DefaultFileLockManager.java:216)
	at org.gradle.cache.internal.DefaultFileLockManager$DefaultFileLock.writeFile(DefaultFileLockManager.java:206)
	at org.gradle.cache.internal.DefaultCacheAccess$UnitOfWorkFileAccess.writeFile(DefaultCacheAccess.java:449)
	at org.gradle.cache.internal.DefaultMultiProcessSafePersistentIndexedCache.put(DefaultMultiProcessSafePersistentIndexedCache.java:67)
	at org.gradle.cache.internal.AsyncCacheAccessDecoratedCache.lambda$putLater$1(AsyncCacheAccessDecoratedCache.java:56)
	at org.gradle.internal.concurrent.ExecutorPolicy$CatchAndRecordFailures.onExecute(ExecutorPolicy.java:64)
	at org.gradle.cache.internal.CacheAccessWorker$2.run(CacheAccessWorker.java:185)
	at org.gradle.internal.Factories$1.create(Factories.java:31)
	at org.gradle.cache.internal.DefaultCacheAccess.useCache(DefaultCacheAccess.java:220)
	at org.gradle.cache.internal.DefaultCacheAccess.useCache(DefaultCacheAccess.java:201)
	at org.gradle.cache.internal.CacheAccessWorker.flushOperations(CacheAccessWorker.java:175)
	at org.gradle.cache.internal.CacheAccessWorker.run(CacheAccessWorker.java:145)
	at org.gradle.internal.concurrent.ExecutorPolicy$CatchAndRecordFailures.onExecute(ExecutorPolicy.java:64)
	at org.gradle.internal.concurrent.ManagedExecutorImpl$1.run(ManagedExecutorImpl.java:48)
	at java.base/java.util.concurrent.ThreadPoolExecutor.runWorker(ThreadPoolExecutor.java:1136)
	at java.base/java.util.concurrent.ThreadPoolExecutor$Worker.run(ThreadPoolExecutor.java:635)
	at org.gradle.internal.concurrent.ThreadFactoryImpl$ManagedThreadRunnable.run(ThreadFactoryImpl.java:61)
	at java.base/java.lang.Thread.run(Thread.java:833)
Caused by: org.gradle.api.UncheckedIOException: java.io.IOException: Stale file handle
	at org.gradle.cache.internal.btree.FileBackedBlockStore.read(FileBackedBlockStore.java:128)
	at org.gradle.cache.internal.btree.CachingBlockStore.read(CachingBlockStore.java:100)
	at org.gradle.cache.internal.btree.FreeListBlockStore.read(FreeListBlockStore.java:86)
	at org.gradle.cache.internal.btree.StateCheckBlockStore.read(StateCheckBlockStore.java:67)
	at org.gradle.cache.internal.btree.BTreePersistentIndexedCache.put(BTreePersistentIndexedCache.java:147)
	... 19 more
Caused by: java.io.IOException: Stale file handle
	at java.base/java.io.RandomAccessFile.readBytes(Native Method)
	at java.base/java.io.RandomAccessFile.read(RandomAccessFile.java:405)
	at org.gradle.internal.io.RandomAccessFileInputStream.read(RandomAccessFileInputStream.java:52)
	at java.base/java.io.BufferedInputStream.fill(BufferedInputStream.java:244)
	at java.base/java.io.BufferedInputStream.read(BufferedInputStream.java:263)
	at com.google.common.io.CountingInputStream.read(CountingInputStream.java:54)
	at java.base/java.io.DataInputStream.readByte(DataInputStream.java:271)
	at org.gradle.cache.internal.btree.FileBackedBlockStore$BlockImpl.read(FileBackedBlockStore.java:244)
	at org.gradle.cache.internal.btree.FileBackedBlockStore.read(FileBackedBlockStore.java:123)
	... 23 more
Failed to execute org.gradle.cache.internal.AsyncCacheAccessDecoratedCache$$Lambda$396/0x000000080108a7d0@77cb9b49.
org.gradle.api.UncheckedIOException: Could not add entry '/home/users/lz280/IdeaProjects' to cache outputFiles.bin (/home/users/lz280/IdeaProjects/OSPREY3/.gradle/buildOutputCleanup/outputFiles.bin).
	at org.gradle.cache.internal.btree.BTreePersistentIndexedCache.put(BTreePersistentIndexedCache.java:162)
	at org.gradle.cache.internal.DefaultMultiProcessSafePersistentIndexedCache.lambda$put$1(DefaultMultiProcessSafePersistentIndexedCache.java:67)
	at org.gradle.cache.internal.DefaultFileLockManager$DefaultFileLock.doWriteAction(DefaultFileLockManager.java:216)
	at org.gradle.cache.internal.DefaultFileLockManager$DefaultFileLock.writeFile(DefaultFileLockManager.java:206)
	at org.gradle.cache.internal.DefaultCacheAccess$UnitOfWorkFileAccess.writeFile(DefaultCacheAccess.java:449)
	at org.gradle.cache.internal.DefaultMultiProcessSafePersistentIndexedCache.put(DefaultMultiProcessSafePersistentIndexedCache.java:67)
	at org.gradle.cache.internal.AsyncCacheAccessDecoratedCache.lambda$putLater$1(AsyncCacheAccessDecoratedCache.java:56)
	at org.gradle.internal.concurrent.ExecutorPolicy$CatchAndRecordFailures.onExecute(ExecutorPolicy.java:64)
	at org.gradle.cache.internal.CacheAccessWorker$2.run(CacheAccessWorker.java:185)
	at org.gradle.internal.Factories$1.create(Factories.java:31)
	at org.gradle.cache.internal.DefaultCacheAccess.useCache(DefaultCacheAccess.java:220)
	at org.gradle.cache.internal.DefaultCacheAccess.useCache(DefaultCacheAccess.java:201)
	at org.gradle.cache.internal.CacheAccessWorker.flushOperations(CacheAccessWorker.java:175)
	at org.gradle.cache.internal.CacheAccessWorker.run(CacheAccessWorker.java:145)
	at org.gradle.internal.concurrent.ExecutorPolicy$CatchAndRecordFailures.onExecute(ExecutorPolicy.java:64)
	at org.gradle.internal.concurrent.ManagedExecutorImpl$1.run(ManagedExecutorImpl.java:48)
	at java.base/java.util.concurrent.ThreadPoolExecutor.runWorker(ThreadPoolExecutor.java:1136)
	at java.base/java.util.concurrent.ThreadPoolExecutor$Worker.run(ThreadPoolExecutor.java:635)
	at org.gradle.internal.concurrent.ThreadFactoryImpl$ManagedThreadRunnable.run(ThreadFactoryImpl.java:61)
	at java.base/java.lang.Thread.run(Thread.java:833)
Caused by: org.gradle.api.UncheckedIOException: java.io.IOException: Stale file handle
	at org.gradle.cache.internal.btree.FileBackedBlockStore.read(FileBackedBlockStore.java:128)
	at org.gradle.cache.internal.btree.CachingBlockStore.read(CachingBlockStore.java:100)
	at org.gradle.cache.internal.btree.FreeListBlockStore.read(FreeListBlockStore.java:86)
	at org.gradle.cache.internal.btree.StateCheckBlockStore.read(StateCheckBlockStore.java:67)
	at org.gradle.cache.internal.btree.BTreePersistentIndexedCache.put(BTreePersistentIndexedCache.java:147)
	... 19 more
Caused by: java.io.IOException: Stale file handle
	at java.base/java.io.RandomAccessFile.readBytes(Native Method)
	at java.base/java.io.RandomAccessFile.read(RandomAccessFile.java:405)
	at org.gradle.internal.io.RandomAccessFileInputStream.read(RandomAccessFileInputStream.java:52)
	at java.base/java.io.BufferedInputStream.fill(BufferedInputStream.java:244)
	at java.base/java.io.BufferedInputStream.read(BufferedInputStream.java:263)
	at com.google.common.io.CountingInputStream.read(CountingInputStream.java:54)
	at java.base/java.io.DataInputStream.readByte(DataInputStream.java:271)
	at org.gradle.cache.internal.btree.FileBackedBlockStore$BlockImpl.read(FileBackedBlockStore.java:244)
	at org.gradle.cache.internal.btree.FileBackedBlockStore.read(FileBackedBlockStore.java:123)
	... 23 more
Failed to execute org.gradle.cache.internal.AsyncCacheAccessDecoratedCache$$Lambda$396/0x000000080108a7d0@1728faa8.
org.gradle.api.UncheckedIOException: Could not add entry '/home/users/lz280' to cache outputFiles.bin (/home/users/lz280/IdeaProjects/OSPREY3/.gradle/buildOutputCleanup/outputFiles.bin).
	at org.gradle.cache.internal.btree.BTreePersistentIndexedCache.put(BTreePersistentIndexedCache.java:162)
	at org.gradle.cache.internal.DefaultMultiProcessSafePersistentIndexedCache.lambda$put$1(DefaultMultiProcessSafePersistentIndexedCache.java:67)
	at org.gradle.cache.internal.DefaultFileLockManager$DefaultFileLock.doWriteAction(DefaultFileLockManager.java:216)
	at org.gradle.cache.internal.DefaultFileLockManager$DefaultFileLock.writeFile(DefaultFileLockManager.java:206)
	at org.gradle.cache.internal.DefaultCacheAccess$UnitOfWorkFileAccess.writeFile(DefaultCacheAccess.java:449)
	at org.gradle.cache.internal.DefaultMultiProcessSafePersistentIndexedCache.put(DefaultMultiProcessSafePersistentIndexedCache.java:67)
	at org.gradle.cache.internal.AsyncCacheAccessDecoratedCache.lambda$putLater$1(AsyncCacheAccessDecoratedCache.java:56)
	at org.gradle.internal.concurrent.ExecutorPolicy$CatchAndRecordFailures.onExecute(ExecutorPolicy.java:64)
	at org.gradle.cache.internal.CacheAccessWorker$2.run(CacheAccessWorker.java:185)
	at org.gradle.internal.Factories$1.create(Factories.java:31)
	at org.gradle.cache.internal.DefaultCacheAccess.useCache(DefaultCacheAccess.java:220)
	at org.gradle.cache.internal.DefaultCacheAccess.useCache(DefaultCacheAccess.java:201)
	at org.gradle.cache.internal.CacheAccessWorker.flushOperations(CacheAccessWorker.java:175)
	at org.gradle.cache.internal.CacheAccessWorker.run(CacheAccessWorker.java:145)
	at org.gradle.internal.concurrent.ExecutorPolicy$CatchAndRecordFailures.onExecute(ExecutorPolicy.java:64)
	at org.gradle.internal.concurrent.ManagedExecutorImpl$1.run(ManagedExecutorImpl.java:48)
	at java.base/java.util.concurrent.ThreadPoolExecutor.runWorker(ThreadPoolExecutor.java:1136)
	at java.base/java.util.concurrent.ThreadPoolExecutor$Worker.run(ThreadPoolExecutor.java:635)
	at org.gradle.internal.concurrent.ThreadFactoryImpl$ManagedThreadRunnable.run(ThreadFactoryImpl.java:61)
	at java.base/java.lang.Thread.run(Thread.java:833)
Caused by: org.gradle.api.UncheckedIOException: java.io.IOException: Stale file handle
	at org.gradle.cache.internal.btree.FileBackedBlockStore.read(FileBackedBlockStore.java:128)
	at org.gradle.cache.internal.btree.CachingBlockStore.read(CachingBlockStore.java:100)
	at org.gradle.cache.internal.btree.FreeListBlockStore.read(FreeListBlockStore.java:86)
	at org.gradle.cache.internal.btree.StateCheckBlockStore.read(StateCheckBlockStore.java:67)
	at org.gradle.cache.internal.btree.BTreePersistentIndexedCache.put(BTreePersistentIndexedCache.java:147)
	... 19 more
Caused by: java.io.IOException: Stale file handle
	at java.base/java.io.RandomAccessFile.readBytes(Native Method)
	at java.base/java.io.RandomAccessFile.read(RandomAccessFile.java:405)
	at org.gradle.internal.io.RandomAccessFileInputStream.read(RandomAccessFileInputStream.java:52)
	at java.base/java.io.BufferedInputStream.fill(BufferedInputStream.java:244)
	at java.base/java.io.BufferedInputStream.read(BufferedInputStream.java:263)
	at com.google.common.io.CountingInputStream.read(CountingInputStream.java:54)
	at java.base/java.io.DataInputStream.readByte(DataInputStream.java:271)
	at org.gradle.cache.internal.btree.FileBackedBlockStore$BlockImpl.read(FileBackedBlockStore.java:244)
	at org.gradle.cache.internal.btree.FileBackedBlockStore.read(FileBackedBlockStore.java:123)
	... 23 more
Failed to execute org.gradle.cache.internal.AsyncCacheAccessDecoratedCache$$Lambda$396/0x000000080108a7d0@5a8ed9b6.
org.gradle.api.UncheckedIOException: Could not add entry '/home/users' to cache outputFiles.bin (/home/users/lz280/IdeaProjects/OSPREY3/.gradle/buildOutputCleanup/outputFiles.bin).
	at org.gradle.cache.internal.btree.BTreePersistentIndexedCache.put(BTreePersistentIndexedCache.java:162)
	at org.gradle.cache.internal.DefaultMultiProcessSafePersistentIndexedCache.lambda$put$1(DefaultMultiProcessSafePersistentIndexedCache.java:67)
	at org.gradle.cache.internal.DefaultFileLockManager$DefaultFileLock.doWriteAction(DefaultFileLockManager.java:216)
	at org.gradle.cache.internal.DefaultFileLockManager$DefaultFileLock.writeFile(DefaultFileLockManager.java:206)
	at org.gradle.cache.internal.DefaultCacheAccess$UnitOfWorkFileAccess.writeFile(DefaultCacheAccess.java:449)
	at org.gradle.cache.internal.DefaultMultiProcessSafePersistentIndexedCache.put(DefaultMultiProcessSafePersistentIndexedCache.java:67)
	at org.gradle.cache.internal.AsyncCacheAccessDecoratedCache.lambda$putLater$1(AsyncCacheAccessDecoratedCache.java:56)
	at org.gradle.internal.concurrent.ExecutorPolicy$CatchAndRecordFailures.onExecute(ExecutorPolicy.java:64)
	at org.gradle.cache.internal.CacheAccessWorker$2.run(CacheAccessWorker.java:185)
	at org.gradle.internal.Factories$1.create(Factories.java:31)
	at org.gradle.cache.internal.DefaultCacheAccess.useCache(DefaultCacheAccess.java:220)
	at org.gradle.cache.internal.DefaultCacheAccess.useCache(DefaultCacheAccess.java:201)
	at org.gradle.cache.internal.CacheAccessWorker.flushOperations(CacheAccessWorker.java:175)
	at org.gradle.cache.internal.CacheAccessWorker.run(CacheAccessWorker.java:145)
	at org.gradle.internal.concurrent.ExecutorPolicy$CatchAndRecordFailures.onExecute(ExecutorPolicy.java:64)
	at org.gradle.internal.concurrent.ManagedExecutorImpl$1.run(ManagedExecutorImpl.java:48)
	at java.base/java.util.concurrent.ThreadPoolExecutor.runWorker(ThreadPoolExecutor.java:1136)
	at java.base/java.util.concurrent.ThreadPoolExecutor$Worker.run(ThreadPoolExecutor.java:635)
	at org.gradle.internal.concurrent.ThreadFactoryImpl$ManagedThreadRunnable.run(ThreadFactoryImpl.java:61)
	at java.base/java.lang.Thread.run(Thread.java:833)
Caused by: org.gradle.api.UncheckedIOException: java.io.IOException: Stale file handle
	at org.gradle.cache.internal.btree.FileBackedBlockStore.read(FileBackedBlockStore.java:128)
	at org.gradle.cache.internal.btree.CachingBlockStore.read(CachingBlockStore.java:100)
	at org.gradle.cache.internal.btree.FreeListBlockStore.read(FreeListBlockStore.java:86)
	at org.gradle.cache.internal.btree.StateCheckBlockStore.read(StateCheckBlockStore.java:67)
	at org.gradle.cache.internal.btree.BTreePersistentIndexedCache.put(BTreePersistentIndexedCache.java:147)
	... 19 more
Caused by: java.io.IOException: Stale file handle
	at java.base/java.io.RandomAccessFile.readBytes(Native Method)
	at java.base/java.io.RandomAccessFile.read(RandomAccessFile.java:405)
	at org.gradle.internal.io.RandomAccessFileInputStream.read(RandomAccessFileInputStream.java:52)
	at java.base/java.io.BufferedInputStream.fill(BufferedInputStream.java:244)
	at java.base/java.io.BufferedInputStream.read(BufferedInputStream.java:263)
	at com.google.common.io.CountingInputStream.read(CountingInputStream.java:54)
	at java.base/java.io.DataInputStream.readByte(DataInputStream.java:271)
	at org.gradle.cache.internal.btree.FileBackedBlockStore$BlockImpl.read(FileBackedBlockStore.java:244)
	at org.gradle.cache.internal.btree.FileBackedBlockStore.read(FileBackedBlockStore.java:123)
	... 23 more
Failed to execute org.gradle.cache.internal.AsyncCacheAccessDecoratedCache$$Lambda$396/0x000000080108a7d0@1b675d61.
org.gradle.api.UncheckedIOException: Could not add entry '/home' to cache outputFiles.bin (/home/users/lz280/IdeaProjects/OSPREY3/.gradle/buildOutputCleanup/outputFiles.bin).
	at org.gradle.cache.internal.btree.BTreePersistentIndexedCache.put(BTreePersistentIndexedCache.java:162)
	at org.gradle.cache.internal.DefaultMultiProcessSafePersistentIndexedCache.lambda$put$1(DefaultMultiProcessSafePersistentIndexedCache.java:67)
	at org.gradle.cache.internal.DefaultFileLockManager$DefaultFileLock.doWriteAction(DefaultFileLockManager.java:216)
	at org.gradle.cache.internal.DefaultFileLockManager$DefaultFileLock.writeFile(DefaultFileLockManager.java:206)
	at org.gradle.cache.internal.DefaultCacheAccess$UnitOfWorkFileAccess.writeFile(DefaultCacheAccess.java:449)
	at org.gradle.cache.internal.DefaultMultiProcessSafePersistentIndexedCache.put(DefaultMultiProcessSafePersistentIndexedCache.java:67)
	at org.gradle.cache.internal.AsyncCacheAccessDecoratedCache.lambda$putLater$1(AsyncCacheAccessDecoratedCache.java:56)
	at org.gradle.internal.concurrent.ExecutorPolicy$CatchAndRecordFailures.onExecute(ExecutorPolicy.java:64)
	at org.gradle.cache.internal.CacheAccessWorker$2.run(CacheAccessWorker.java:185)
	at org.gradle.internal.Factories$1.create(Factories.java:31)
	at org.gradle.cache.internal.DefaultCacheAccess.useCache(DefaultCacheAccess.java:220)
	at org.gradle.cache.internal.DefaultCacheAccess.useCache(DefaultCacheAccess.java:201)
	at org.gradle.cache.internal.CacheAccessWorker.flushOperations(CacheAccessWorker.java:175)
	at org.gradle.cache.internal.CacheAccessWorker.run(CacheAccessWorker.java:145)
	at org.gradle.internal.concurrent.ExecutorPolicy$CatchAndRecordFailures.onExecute(ExecutorPolicy.java:64)
	at org.gradle.internal.concurrent.ManagedExecutorImpl$1.run(ManagedExecutorImpl.java:48)
	at java.base/java.util.concurrent.ThreadPoolExecutor.runWorker(ThreadPoolExecutor.java:1136)
	at java.base/java.util.concurrent.ThreadPoolExecutor$Worker.run(ThreadPoolExecutor.java:635)
	at org.gradle.internal.concurrent.ThreadFactoryImpl$ManagedThreadRunnable.run(ThreadFactoryImpl.java:61)
	at java.base/java.lang.Thread.run(Thread.java:833)
Caused by: org.gradle.api.UncheckedIOException: java.io.IOException: Stale file handle
	at org.gradle.cache.internal.btree.FileBackedBlockStore.read(FileBackedBlockStore.java:128)
	at org.gradle.cache.internal.btree.CachingBlockStore.read(CachingBlockStore.java:100)
	at org.gradle.cache.internal.btree.FreeListBlockStore.read(FreeListBlockStore.java:86)
	at org.gradle.cache.internal.btree.StateCheckBlockStore.read(StateCheckBlockStore.java:67)
	at org.gradle.cache.internal.btree.BTreePersistentIndexedCache.put(BTreePersistentIndexedCache.java:147)
	... 19 more
Caused by: java.io.IOException: Stale file handle
	at java.base/java.io.RandomAccessFile.readBytes(Native Method)
	at java.base/java.io.RandomAccessFile.read(RandomAccessFile.java:405)
	at org.gradle.internal.io.RandomAccessFileInputStream.read(RandomAccessFileInputStream.java:52)
	at java.base/java.io.BufferedInputStream.fill(BufferedInputStream.java:244)
	at java.base/java.io.BufferedInputStream.read(BufferedInputStream.java:263)
	at com.google.common.io.CountingInputStream.read(CountingInputStream.java:54)
	at java.base/java.io.DataInputStream.readByte(DataInputStream.java:271)
	at org.gradle.cache.internal.btree.FileBackedBlockStore$BlockImpl.read(FileBackedBlockStore.java:244)
	at org.gradle.cache.internal.btree.FileBackedBlockStore.read(FileBackedBlockStore.java:123)
	... 23 more
Failed to execute org.gradle.cache.internal.AsyncCacheAccessDecoratedCache$$Lambda$396/0x000000080108a7d0@4458d73c.
org.gradle.api.UncheckedIOException: Could not add entry '/' to cache outputFiles.bin (/home/users/lz280/IdeaProjects/OSPREY3/.gradle/buildOutputCleanup/outputFiles.bin).
	at org.gradle.cache.internal.btree.BTreePersistentIndexedCache.put(BTreePersistentIndexedCache.java:162)
	at org.gradle.cache.internal.DefaultMultiProcessSafePersistentIndexedCache.lambda$put$1(DefaultMultiProcessSafePersistentIndexedCache.java:67)
	at org.gradle.cache.internal.DefaultFileLockManager$DefaultFileLock.doWriteAction(DefaultFileLockManager.java:216)
	at org.gradle.cache.internal.DefaultFileLockManager$DefaultFileLock.writeFile(DefaultFileLockManager.java:206)
	at org.gradle.cache.internal.DefaultCacheAccess$UnitOfWorkFileAccess.writeFile(DefaultCacheAccess.java:449)
	at org.gradle.cache.internal.DefaultMultiProcessSafePersistentIndexedCache.put(DefaultMultiProcessSafePersistentIndexedCache.java:67)
	at org.gradle.cache.internal.AsyncCacheAccessDecoratedCache.lambda$putLater$1(AsyncCacheAccessDecoratedCache.java:56)
	at org.gradle.internal.concurrent.ExecutorPolicy$CatchAndRecordFailures.onExecute(ExecutorPolicy.java:64)
	at org.gradle.cache.internal.CacheAccessWorker$2.run(CacheAccessWorker.java:185)
	at org.gradle.internal.Factories$1.create(Factories.java:31)
	at org.gradle.cache.internal.DefaultCacheAccess.useCache(DefaultCacheAccess.java:220)
	at org.gradle.cache.internal.DefaultCacheAccess.useCache(DefaultCacheAccess.java:201)
	at org.gradle.cache.internal.CacheAccessWorker.flushOperations(CacheAccessWorker.java:175)
	at org.gradle.cache.internal.CacheAccessWorker.run(CacheAccessWorker.java:145)
	at org.gradle.internal.concurrent.ExecutorPolicy$CatchAndRecordFailures.onExecute(ExecutorPolicy.java:64)
	at org.gradle.internal.concurrent.ManagedExecutorImpl$1.run(ManagedExecutorImpl.java:48)
	at java.base/java.util.concurrent.ThreadPoolExecutor.runWorker(ThreadPoolExecutor.java:1136)
	at java.base/java.util.concurrent.ThreadPoolExecutor$Worker.run(ThreadPoolExecutor.java:635)
	at org.gradle.internal.concurrent.ThreadFactoryImpl$ManagedThreadRunnable.run(ThreadFactoryImpl.java:61)
	at java.base/java.lang.Thread.run(Thread.java:833)
Caused by: org.gradle.api.UncheckedIOException: java.io.IOException: Stale file handle
	at org.gradle.cache.internal.btree.FileBackedBlockStore.read(FileBackedBlockStore.java:128)
	at org.gradle.cache.internal.btree.CachingBlockStore.read(CachingBlockStore.java:100)
	at org.gradle.cache.internal.btree.FreeListBlockStore.read(FreeListBlockStore.java:86)
	at org.gradle.cache.internal.btree.StateCheckBlockStore.read(StateCheckBlockStore.java:67)
	at org.gradle.cache.internal.btree.BTreePersistentIndexedCache.put(BTreePersistentIndexedCache.java:147)
	... 19 more
Caused by: java.io.IOException: Stale file handle
	at java.base/java.io.RandomAccessFile.readBytes(Native Method)
	at java.base/java.io.RandomAccessFile.read(RandomAccessFile.java:405)
	at org.gradle.internal.io.RandomAccessFileInputStream.read(RandomAccessFileInputStream.java:52)
	at java.base/java.io.BufferedInputStream.fill(BufferedInputStream.java:244)
	at java.base/java.io.BufferedInputStream.read(BufferedInputStream.java:263)
	at com.google.common.io.CountingInputStream.read(CountingInputStream.java:54)
	at java.base/java.io.DataInputStream.readByte(DataInputStream.java:271)
	at org.gradle.cache.internal.btree.FileBackedBlockStore$BlockImpl.read(FileBackedBlockStore.java:244)
	at org.gradle.cache.internal.btree.FileBackedBlockStore.read(FileBackedBlockStore.java:123)
	... 23 more
Failed to execute org.gradle.cache.internal.AsyncCacheAccessDecoratedCache$$Lambda$396/0x000000080108a7d0@2f569f46.
org.gradle.api.UncheckedIOException: Could not add entry '/home/users/lz280/IdeaProjects/OSPREY3/build/test-results/test' to cache outputFiles.bin (/home/users/lz280/IdeaProjects/OSPREY3/.gradle/buildOutputCleanup/outputFiles.bin).
	at org.gradle.cache.internal.btree.BTreePersistentIndexedCache.put(BTreePersistentIndexedCache.java:162)
	at org.gradle.cache.internal.DefaultMultiProcessSafePersistentIndexedCache.lambda$put$1(DefaultMultiProcessSafePersistentIndexedCache.java:67)
	at org.gradle.cache.internal.DefaultFileLockManager$DefaultFileLock.doWriteAction(DefaultFileLockManager.java:216)
	at org.gradle.cache.internal.DefaultFileLockManager$DefaultFileLock.writeFile(DefaultFileLockManager.java:206)
	at org.gradle.cache.internal.DefaultCacheAccess$UnitOfWorkFileAccess.writeFile(DefaultCacheAccess.java:449)
	at org.gradle.cache.internal.DefaultMultiProcessSafePersistentIndexedCache.put(DefaultMultiProcessSafePersistentIndexedCache.java:67)
	at org.gradle.cache.internal.AsyncCacheAccessDecoratedCache.lambda$putLater$1(AsyncCacheAccessDecoratedCache.java:56)
	at org.gradle.internal.concurrent.ExecutorPolicy$CatchAndRecordFailures.onExecute(ExecutorPolicy.java:64)
	at org.gradle.cache.internal.CacheAccessWorker$2.run(CacheAccessWorker.java:185)
	at org.gradle.internal.Factories$1.create(Factories.java:31)
	at org.gradle.cache.internal.DefaultCacheAccess.useCache(DefaultCacheAccess.java:220)
	at org.gradle.cache.internal.DefaultCacheAccess.useCache(DefaultCacheAccess.java:201)
	at org.gradle.cache.internal.CacheAccessWorker.flushOperations(CacheAccessWorker.java:175)
	at org.gradle.cache.internal.CacheAccessWorker.run(CacheAccessWorker.java:145)
	at org.gradle.internal.concurrent.ExecutorPolicy$CatchAndRecordFailures.onExecute(ExecutorPolicy.java:64)
	at org.gradle.internal.concurrent.ManagedExecutorImpl$1.run(ManagedExecutorImpl.java:48)
	at java.base/java.util.concurrent.ThreadPoolExecutor.runWorker(ThreadPoolExecutor.java:1136)
	at java.base/java.util.concurrent.ThreadPoolExecutor$Worker.run(ThreadPoolExecutor.java:635)
	at org.gradle.internal.concurrent.ThreadFactoryImpl$ManagedThreadRunnable.run(ThreadFactoryImpl.java:61)
	at java.base/java.lang.Thread.run(Thread.java:833)
Caused by: org.gradle.api.UncheckedIOException: java.io.IOException: Stale file handle
	at org.gradle.cache.internal.btree.FileBackedBlockStore.read(FileBackedBlockStore.java:128)
	at org.gradle.cache.internal.btree.CachingBlockStore.read(CachingBlockStore.java:100)
	at org.gradle.cache.internal.btree.FreeListBlockStore.read(FreeListBlockStore.java:86)
	at org.gradle.cache.internal.btree.StateCheckBlockStore.read(StateCheckBlockStore.java:67)
	at org.gradle.cache.internal.btree.BTreePersistentIndexedCache.put(BTreePersistentIndexedCache.java:147)
	... 19 more
Caused by: java.io.IOException: Stale file handle
	at java.base/java.io.RandomAccessFile.readBytes(Native Method)
	at java.base/java.io.RandomAccessFile.read(RandomAccessFile.java:405)
	at org.gradle.internal.io.RandomAccessFileInputStream.read(RandomAccessFileInputStream.java:52)
	at java.base/java.io.BufferedInputStream.fill(BufferedInputStream.java:244)
	at java.base/java.io.BufferedInputStream.read(BufferedInputStream.java:263)
	at com.google.common.io.CountingInputStream.read(CountingInputStream.java:54)
	at java.base/java.io.DataInputStream.readByte(DataInputStream.java:271)
	at org.gradle.cache.internal.btree.FileBackedBlockStore$BlockImpl.read(FileBackedBlockStore.java:244)
	at org.gradle.cache.internal.btree.FileBackedBlockStore.read(FileBackedBlockStore.java:123)
	... 23 more
Failed to execute org.gradle.cache.internal.AsyncCacheAccessDecoratedCache$$Lambda$396/0x000000080108a7d0@18b4afe2.
org.gradle.api.UncheckedIOException: Could not add entry '/home/users/lz280/IdeaProjects/OSPREY3/build/test-results' to cache outputFiles.bin (/home/users/lz280/IdeaProjects/OSPREY3/.gradle/buildOutputCleanup/outputFiles.bin).
	at org.gradle.cache.internal.btree.BTreePersistentIndexedCache.put(BTreePersistentIndexedCache.java:162)
	at org.gradle.cache.internal.DefaultMultiProcessSafePersistentIndexedCache.lambda$put$1(DefaultMultiProcessSafePersistentIndexedCache.java:67)
	at org.gradle.cache.internal.DefaultFileLockManager$DefaultFileLock.doWriteAction(DefaultFileLockManager.java:216)
	at org.gradle.cache.internal.DefaultFileLockManager$DefaultFileLock.writeFile(DefaultFileLockManager.java:206)
	at org.gradle.cache.internal.DefaultCacheAccess$UnitOfWorkFileAccess.writeFile(DefaultCacheAccess.java:449)
	at org.gradle.cache.internal.DefaultMultiProcessSafePersistentIndexedCache.put(DefaultMultiProcessSafePersistentIndexedCache.java:67)
	at org.gradle.cache.internal.AsyncCacheAccessDecoratedCache.lambda$putLater$1(AsyncCacheAccessDecoratedCache.java:56)
	at org.gradle.internal.concurrent.ExecutorPolicy$CatchAndRecordFailures.onExecute(ExecutorPolicy.java:64)
	at org.gradle.cache.internal.CacheAccessWorker$2.run(CacheAccessWorker.java:185)
	at org.gradle.internal.Factories$1.create(Factories.java:31)
	at org.gradle.cache.internal.DefaultCacheAccess.useCache(DefaultCacheAccess.java:220)
	at org.gradle.cache.internal.DefaultCacheAccess.useCache(DefaultCacheAccess.java:201)
	at org.gradle.cache.internal.CacheAccessWorker.flushOperations(CacheAccessWorker.java:175)
	at org.gradle.cache.internal.CacheAccessWorker.run(CacheAccessWorker.java:145)
	at org.gradle.internal.concurrent.ExecutorPolicy$CatchAndRecordFailures.onExecute(ExecutorPolicy.java:64)
	at org.gradle.internal.concurrent.ManagedExecutorImpl$1.run(ManagedExecutorImpl.java:48)
	at java.base/java.util.concurrent.ThreadPoolExecutor.runWorker(ThreadPoolExecutor.java:1136)
	at java.base/java.util.concurrent.ThreadPoolExecutor$Worker.run(ThreadPoolExecutor.java:635)
	at org.gradle.internal.concurrent.ThreadFactoryImpl$ManagedThreadRunnable.run(ThreadFactoryImpl.java:61)
	at java.base/java.lang.Thread.run(Thread.java:833)
Caused by: org.gradle.api.UncheckedIOException: java.io.IOException: Stale file handle
	at org.gradle.cache.internal.btree.FileBackedBlockStore.read(FileBackedBlockStore.java:128)
	at org.gradle.cache.internal.btree.CachingBlockStore.read(CachingBlockStore.java:100)
	at org.gradle.cache.internal.btree.FreeListBlockStore.read(FreeListBlockStore.java:86)
	at org.gradle.cache.internal.btree.StateCheckBlockStore.read(StateCheckBlockStore.java:67)
	at org.gradle.cache.internal.btree.BTreePersistentIndexedCache.put(BTreePersistentIndexedCache.java:147)
	... 19 more
Caused by: java.io.IOException: Stale file handle
	at java.base/java.io.RandomAccessFile.readBytes(Native Method)
	at java.base/java.io.RandomAccessFile.read(RandomAccessFile.java:405)
	at org.gradle.internal.io.RandomAccessFileInputStream.read(RandomAccessFileInputStream.java:52)
	at java.base/java.io.BufferedInputStream.fill(BufferedInputStream.java:244)
	at java.base/java.io.BufferedInputStream.read(BufferedInputStream.java:263)
	at com.google.common.io.CountingInputStream.read(CountingInputStream.java:54)
	at java.base/java.io.DataInputStream.readByte(DataInputStream.java:271)
	at org.gradle.cache.internal.btree.FileBackedBlockStore$BlockImpl.read(FileBackedBlockStore.java:244)
	at org.gradle.cache.internal.btree.FileBackedBlockStore.read(FileBackedBlockStore.java:123)
	... 23 more

FAILURE: Build failed with an exception.

* What went wrong:
Execution failed for task ':test'.
> A build operation failed.
      Could not write XML test results for edu.duke.cs.osprey.kstar.TestCometsZWithMARKStarPerformance to file /home/users/lz280/IdeaProjects/OSPREY3/build/test-results/test/TEST-edu.duke.cs.osprey.kstar.TestCometsZWithMARKStarPerformance.xml.
   > Could not write XML test results for edu.duke.cs.osprey.kstar.TestCometsZWithMARKStarPerformance to file /home/users/lz280/IdeaProjects/OSPREY3/build/test-results/test/TEST-edu.duke.cs.osprey.kstar.TestCometsZWithMARKStarPerformance.xml.

* Try:
> Run with --stacktrace option to get the stack trace.
> Run with --debug option to get more log output.
> Run with --scan to get full insights.

* Get more help at https://help.gradle.org

BUILD FAILED in 26h 27m 28s
Could not stop Service OutputFilesRepository at ExecutionGradleServices.createOutputFilesRepository().
org.gradle.api.UncheckedIOException: Could not add entry '/home/users/lz280/IdeaProjects/OSPREY3/build/test-results/test/binary' to cache outputFiles.bin (/home/users/lz280/IdeaProjects/OSPREY3/.gradle/buildOutputCleanup/outputFiles.bin).
	at org.gradle.cache.internal.btree.BTreePersistentIndexedCache.put(BTreePersistentIndexedCache.java:162)
	at org.gradle.cache.internal.DefaultMultiProcessSafePersistentIndexedCache.lambda$put$1(DefaultMultiProcessSafePersistentIndexedCache.java:67)
	at org.gradle.cache.internal.DefaultFileLockManager$DefaultFileLock.doWriteAction(DefaultFileLockManager.java:216)
	at org.gradle.cache.internal.DefaultFileLockManager$DefaultFileLock.writeFile(DefaultFileLockManager.java:206)
	at org.gradle.cache.internal.DefaultCacheAccess$UnitOfWorkFileAccess.writeFile(DefaultCacheAccess.java:449)
	at org.gradle.cache.internal.DefaultMultiProcessSafePersistentIndexedCache.put(DefaultMultiProcessSafePersistentIndexedCache.java:67)
	at org.gradle.cache.internal.AsyncCacheAccessDecoratedCache.lambda$putLater$1(AsyncCacheAccessDecoratedCache.java:56)
	at org.gradle.internal.concurrent.ExecutorPolicy$CatchAndRecordFailures.onExecute(ExecutorPolicy.java:64)
	at org.gradle.cache.internal.CacheAccessWorker$2.run(CacheAccessWorker.java:180)
	at org.gradle.internal.Factories$1.create(Factories.java:31)
	at org.gradle.cache.internal.DefaultCacheAccess.useCache(DefaultCacheAccess.java:220)
	at org.gradle.cache.internal.DefaultCacheAccess.useCache(DefaultCacheAccess.java:201)
	at org.gradle.cache.internal.CacheAccessWorker.flushOperations(CacheAccessWorker.java:175)
	at org.gradle.cache.internal.CacheAccessWorker.run(CacheAccessWorker.java:145)
	at org.gradle.internal.concurrent.ExecutorPolicy$CatchAndRecordFailures.onExecute(ExecutorPolicy.java:64)
	at org.gradle.internal.concurrent.ManagedExecutorImpl$1.run(ManagedExecutorImpl.java:48)
	at java.base/java.util.concurrent.ThreadPoolExecutor.runWorker(ThreadPoolExecutor.java:1136)
	at java.base/java.util.concurrent.ThreadPoolExecutor$Worker.run(ThreadPoolExecutor.java:635)
	at org.gradle.internal.concurrent.ThreadFactoryImpl$ManagedThreadRunnable.run(ThreadFactoryImpl.java:61)
	at java.base/java.lang.Thread.run(Thread.java:833)
Caused by: org.gradle.api.UncheckedIOException: java.io.IOException: Stale file handle
	at org.gradle.cache.internal.btree.FileBackedBlockStore.read(FileBackedBlockStore.java:128)
	at org.gradle.cache.internal.btree.CachingBlockStore.read(CachingBlockStore.java:100)
	at org.gradle.cache.internal.btree.FreeListBlockStore.read(FreeListBlockStore.java:86)
	at org.gradle.cache.internal.btree.StateCheckBlockStore.read(StateCheckBlockStore.java:67)
	at org.gradle.cache.internal.btree.BTreePersistentIndexedCache.put(BTreePersistentIndexedCache.java:147)
	... 19 more
Caused by: java.io.IOException: Stale file handle
	at java.base/java.io.RandomAccessFile.readBytes(Native Method)
	at java.base/java.io.RandomAccessFile.read(RandomAccessFile.java:405)
	at org.gradle.internal.io.RandomAccessFileInputStream.read(RandomAccessFileInputStream.java:52)
	at java.base/java.io.BufferedInputStream.fill(BufferedInputStream.java:244)
	at java.base/java.io.BufferedInputStream.read(BufferedInputStream.java:263)
	at com.google.common.io.CountingInputStream.read(CountingInputStream.java:54)
	at java.base/java.io.DataInputStream.readByte(DataInputStream.java:271)
	at org.gradle.cache.internal.btree.FileBackedBlockStore$BlockImpl.read(FileBackedBlockStore.java:244)
	at org.gradle.cache.internal.btree.FileBackedBlockStore.read(FileBackedBlockStore.java:123)
	... 23 more
Could not stop Service OutputFilesRepository at ExecutionGradleServices.createOutputFilesRepository().
java.lang.RuntimeException: Failed to release lock on Build Output Cleanup Cache (/home/users/lz280/IdeaProjects/OSPREY3/buildSrc/.gradle/buildOutputCleanup)
	at org.gradle.cache.internal.DefaultFileLockManager$DefaultFileLock$1.stop(DefaultFileLockManager.java:268)
	at org.gradle.internal.concurrent.CompositeStoppable.stop(CompositeStoppable.java:106)
	at org.gradle.cache.internal.DefaultFileLockManager$DefaultFileLock.close(DefaultFileLockManager.java:290)
	at org.gradle.cache.internal.LockOnDemandCrossProcessCacheAccess.releaseLockIfHeld(LockOnDemandCrossProcessCacheAccess.java:155)
	at org.gradle.cache.internal.LockOnDemandCrossProcessCacheAccess.close(LockOnDemandCrossProcessCacheAccess.java:80)
	at org.gradle.cache.internal.DefaultCacheAccess.close(DefaultCacheAccess.java:169)
	at org.gradle.cache.internal.DefaultPersistentDirectoryStore.close(DefaultPersistentDirectoryStore.java:135)
	at org.gradle.cache.internal.DefaultCacheFactory$DirCacheReference.close(DefaultCacheFactory.java:155)
	at org.gradle.cache.internal.DefaultCacheFactory$DirCacheReference.release(DefaultCacheFactory.java:143)
	at org.gradle.cache.internal.DefaultCacheFactory$ReferenceTrackingCache.close(DefaultCacheFactory.java:174)
	at org.gradle.internal.execution.history.impl.DefaultOutputFilesRepository.close(DefaultOutputFilesRepository.java:108)
	at org.gradle.internal.concurrent.CompositeStoppable$2.stop(CompositeStoppable.java:90)
	at org.gradle.internal.concurrent.CompositeStoppable.stop(CompositeStoppable.java:106)
	at org.gradle.internal.service.DefaultServiceRegistry$ManagedObjectServiceProvider.stop(DefaultServiceRegistry.java:635)
	at org.gradle.internal.concurrent.CompositeStoppable.stop(CompositeStoppable.java:106)
	at org.gradle.internal.service.DefaultServiceRegistry$OwnServices.stop(DefaultServiceRegistry.java:491)
	at org.gradle.internal.concurrent.CompositeStoppable.stop(CompositeStoppable.java:106)
	at org.gradle.internal.service.DefaultServiceRegistry$CompositeServiceProvider.stop(DefaultServiceRegistry.java:1023)
	at org.gradle.internal.concurrent.CompositeStoppable.stop(CompositeStoppable.java:106)
	at org.gradle.internal.service.DefaultServiceRegistry.close(DefaultServiceRegistry.java:276)
	at org.gradle.internal.service.scopes.GradleScopeServices.close(GradleScopeServices.java:334)
	at org.gradle.internal.concurrent.CompositeStoppable$2.stop(CompositeStoppable.java:90)
	at org.gradle.internal.concurrent.CompositeStoppable.stop(CompositeStoppable.java:106)
	at org.gradle.internal.service.scopes.BuildScopeServiceRegistryFactory.close(BuildScopeServiceRegistryFactory.java:52)
	at org.gradle.internal.concurrent.CompositeStoppable$2.stop(CompositeStoppable.java:90)
	at org.gradle.internal.concurrent.CompositeStoppable.stop(CompositeStoppable.java:106)
	at org.gradle.internal.service.DefaultServiceRegistry$ManagedObjectServiceProvider.stop(DefaultServiceRegistry.java:635)
	at org.gradle.internal.concurrent.CompositeStoppable.stop(CompositeStoppable.java:106)
	at org.gradle.internal.service.DefaultServiceRegistry$OwnServices.stop(DefaultServiceRegistry.java:491)
	at org.gradle.internal.concurrent.CompositeStoppable.stop(CompositeStoppable.java:106)
	at org.gradle.internal.service.DefaultServiceRegistry$CompositeServiceProvider.stop(DefaultServiceRegistry.java:1023)
	at org.gradle.internal.concurrent.CompositeStoppable.stop(CompositeStoppable.java:106)
	at org.gradle.internal.service.DefaultServiceRegistry.close(DefaultServiceRegistry.java:276)
	at org.gradle.internal.concurrent.CompositeStoppable$2.stop(CompositeStoppable.java:90)
	at org.gradle.internal.concurrent.CompositeStoppable.stop(CompositeStoppable.java:106)
	at org.gradle.internal.build.DefaultBuildLifecycleController.stop(DefaultBuildLifecycleController.java:177)
	at org.gradle.composite.internal.DefaultNestedBuild.stop(DefaultNestedBuild.java:118)
	at org.gradle.internal.concurrent.CompositeStoppable.stop(CompositeStoppable.java:106)
	at org.gradle.composite.internal.DefaultIncludedBuildRegistry.stop(DefaultIncludedBuildRegistry.java:322)
	at org.gradle.internal.concurrent.CompositeStoppable.stop(CompositeStoppable.java:106)
	at org.gradle.internal.service.DefaultServiceRegistry$ManagedObjectServiceProvider.stop(DefaultServiceRegistry.java:635)
	at org.gradle.internal.concurrent.CompositeStoppable.stop(CompositeStoppable.java:106)
	at org.gradle.internal.service.DefaultServiceRegistry$ManagedObjectServiceProvider.stop(DefaultServiceRegistry.java:635)
	at org.gradle.internal.concurrent.CompositeStoppable.stop(CompositeStoppable.java:106)
	at org.gradle.internal.service.DefaultServiceRegistry$OwnServices.stop(DefaultServiceRegistry.java:491)
	at org.gradle.internal.concurrent.CompositeStoppable.stop(CompositeStoppable.java:106)
	at org.gradle.internal.service.DefaultServiceRegistry$CompositeServiceProvider.stop(DefaultServiceRegistry.java:1023)
	at org.gradle.internal.concurrent.CompositeStoppable.stop(CompositeStoppable.java:106)
	at org.gradle.internal.service.DefaultServiceRegistry.close(DefaultServiceRegistry.java:276)
	at org.gradle.internal.concurrent.CompositeStoppable$2.stop(CompositeStoppable.java:90)
	at org.gradle.internal.concurrent.CompositeStoppable.stop(CompositeStoppable.java:106)
	at org.gradle.internal.buildtree.BuildTreeState.close(BuildTreeState.java:58)
	at org.gradle.launcher.exec.BuildTreeLifecycleBuildActionExecutor.execute(BuildTreeLifecycleBuildActionExecutor.java:67)
	at org.gradle.launcher.exec.RunAsBuildOperationBuildActionExecutor$3.call(RunAsBuildOperationBuildActionExecutor.java:61)
	at org.gradle.launcher.exec.RunAsBuildOperationBuildActionExecutor$3.call(RunAsBuildOperationBuildActionExecutor.java:57)
	at org.gradle.internal.operations.DefaultBuildOperationRunner$CallableBuildOperationWorker.execute(DefaultBuildOperationRunner.java:204)
	at org.gradle.internal.operations.DefaultBuildOperationRunner$CallableBuildOperationWorker.execute(DefaultBuildOperationRunner.java:199)
	at org.gradle.internal.operations.DefaultBuildOperationRunner$2.execute(DefaultBuildOperationRunner.java:66)
	at org.gradle.internal.operations.DefaultBuildOperationRunner$2.execute(DefaultBuildOperationRunner.java:59)
	at org.gradle.internal.operations.DefaultBuildOperationRunner.execute(DefaultBuildOperationRunner.java:157)
	at org.gradle.internal.operations.DefaultBuildOperationRunner.execute(DefaultBuildOperationRunner.java:59)
	at org.gradle.internal.operations.DefaultBuildOperationRunner.call(DefaultBuildOperationRunner.java:53)
	at org.gradle.internal.operations.DefaultBuildOperationExecutor.call(DefaultBuildOperationExecutor.java:73)
	at org.gradle.launcher.exec.RunAsBuildOperationBuildActionExecutor.execute(RunAsBuildOperationBuildActionExecutor.java:57)
	at org.gradle.launcher.exec.RunAsWorkerThreadBuildActionExecutor.lambda$execute$0(RunAsWorkerThreadBuildActionExecutor.java:38)
	at org.gradle.internal.work.DefaultWorkerLeaseService.withLocks(DefaultWorkerLeaseService.java:211)
	at org.gradle.launcher.exec.RunAsWorkerThreadBuildActionExecutor.execute(RunAsWorkerThreadBuildActionExecutor.java:38)
	at org.gradle.tooling.internal.provider.ContinuousBuildActionExecutor.execute(ContinuousBuildActionExecutor.java:103)
	at org.gradle.tooling.internal.provider.SubscribableBuildActionExecutor.execute(SubscribableBuildActionExecutor.java:64)
	at org.gradle.internal.session.DefaultBuildSessionContext.execute(DefaultBuildSessionContext.java:46)
	at org.gradle.tooling.internal.provider.BuildSessionLifecycleBuildActionExecuter$ActionImpl.apply(BuildSessionLifecycleBuildActionExecuter.java:100)
	at org.gradle.tooling.internal.provider.BuildSessionLifecycleBuildActionExecuter$ActionImpl.apply(BuildSessionLifecycleBuildActionExecuter.java:88)
	at org.gradle.internal.session.BuildSessionState.run(BuildSessionState.java:69)
	at org.gradle.tooling.internal.provider.BuildSessionLifecycleBuildActionExecuter.execute(BuildSessionLifecycleBuildActionExecuter.java:62)
	at org.gradle.tooling.internal.provider.BuildSessionLifecycleBuildActionExecuter.execute(BuildSessionLifecycleBuildActionExecuter.java:41)
	at org.gradle.tooling.internal.provider.GradleThreadBuildActionExecuter.execute(GradleThreadBuildActionExecuter.java:36)
	at org.gradle.tooling.internal.provider.GradleThreadBuildActionExecuter.execute(GradleThreadBuildActionExecuter.java:25)
	at org.gradle.tooling.internal.provider.StartParamsValidatingActionExecuter.execute(StartParamsValidatingActionExecuter.java:63)
	at org.gradle.tooling.internal.provider.StartParamsValidatingActionExecuter.execute(StartParamsValidatingActionExecuter.java:31)
	at org.gradle.tooling.internal.provider.SessionFailureReportingActionExecuter.execute(SessionFailureReportingActionExecuter.java:58)
	at org.gradle.tooling.internal.provider.SessionFailureReportingActionExecuter.execute(SessionFailureReportingActionExecuter.java:42)
	at org.gradle.tooling.internal.provider.SetupLoggingActionExecuter.execute(SetupLoggingActionExecuter.java:47)
	at org.gradle.tooling.internal.provider.SetupLoggingActionExecuter.execute(SetupLoggingActionExecuter.java:31)
	at org.gradle.launcher.daemon.server.exec.ExecuteBuild.doBuild(ExecuteBuild.java:65)
	at org.gradle.launcher.daemon.server.exec.BuildCommandOnly.execute(BuildCommandOnly.java:37)
	at org.gradle.launcher.daemon.server.api.DaemonCommandExecution.proceed(DaemonCommandExecution.java:104)
	at org.gradle.launcher.daemon.server.exec.WatchForDisconnection.execute(WatchForDisconnection.java:39)
	at org.gradle.launcher.daemon.server.api.DaemonCommandExecution.proceed(DaemonCommandExecution.java:104)
	at org.gradle.launcher.daemon.server.exec.ResetDeprecationLogger.execute(ResetDeprecationLogger.java:29)
	at org.gradle.launcher.daemon.server.api.DaemonCommandExecution.proceed(DaemonCommandExecution.java:104)
	at org.gradle.launcher.daemon.server.exec.RequestStopIfSingleUsedDaemon.execute(RequestStopIfSingleUsedDaemon.java:35)
	at org.gradle.launcher.daemon.server.api.DaemonCommandExecution.proceed(DaemonCommandExecution.java:104)
	at org.gradle.launcher.daemon.server.exec.ForwardClientInput$2.create(ForwardClientInput.java:78)
	at org.gradle.launcher.daemon.server.exec.ForwardClientInput$2.create(ForwardClientInput.java:75)
	at org.gradle.util.internal.Swapper.swap(Swapper.java:38)
	at org.gradle.launcher.daemon.server.exec.ForwardClientInput.execute(ForwardClientInput.java:75)
	at org.gradle.launcher.daemon.server.api.DaemonCommandExecution.proceed(DaemonCommandExecution.java:104)
	at org.gradle.launcher.daemon.server.exec.LogAndCheckHealth.execute(LogAndCheckHealth.java:55)
	at org.gradle.launcher.daemon.server.api.DaemonCommandExecution.proceed(DaemonCommandExecution.java:104)
	at org.gradle.launcher.daemon.server.exec.LogToClient.doBuild(LogToClient.java:63)
	at org.gradle.launcher.daemon.server.exec.BuildCommandOnly.execute(BuildCommandOnly.java:37)
	at org.gradle.launcher.daemon.server.api.DaemonCommandExecution.proceed(DaemonCommandExecution.java:104)
	at org.gradle.launcher.daemon.server.exec.EstablishBuildEnvironment.doBuild(EstablishBuildEnvironment.java:84)
	at org.gradle.launcher.daemon.server.exec.BuildCommandOnly.execute(BuildCommandOnly.java:37)
	at org.gradle.launcher.daemon.server.api.DaemonCommandExecution.proceed(DaemonCommandExecution.java:104)
	at org.gradle.launcher.daemon.server.exec.StartBuildOrRespondWithBusy$1.run(StartBuildOrRespondWithBusy.java:52)
	at org.gradle.launcher.daemon.server.DaemonStateCoordinator$1.run(DaemonStateCoordinator.java:297)
	at org.gradle.internal.concurrent.ExecutorPolicy$CatchAndRecordFailures.onExecute(ExecutorPolicy.java:64)
	at org.gradle.internal.concurrent.ManagedExecutorImpl$1.run(ManagedExecutorImpl.java:48)
	at java.base/java.util.concurrent.ThreadPoolExecutor.runWorker(ThreadPoolExecutor.java:1136)
	at java.base/java.util.concurrent.ThreadPoolExecutor$Worker.run(ThreadPoolExecutor.java:635)
	at org.gradle.internal.concurrent.ThreadFactoryImpl$ManagedThreadRunnable.run(ThreadFactoryImpl.java:61)
	at java.base/java.lang.Thread.run(Thread.java:833)
Caused by: java.io.IOException: No locks available
	at java.base/sun.nio.ch.FileDispatcherImpl.release0(Native Method)
	at java.base/sun.nio.ch.FileDispatcherImpl.release(FileDispatcherImpl.java:100)
	at java.base/sun.nio.ch.FileChannelImpl.implCloseChannel(FileChannelImpl.java:185)
	at java.base/java.nio.channels.spi.AbstractInterruptibleChannel.close(AbstractInterruptibleChannel.java:112)
	at java.base/java.io.RandomAccessFile.close(RandomAccessFile.java:653)
	at org.gradle.cache.internal.filelock.LockFileAccess.close(LockFileAccess.java:37)
	at org.gradle.cache.internal.DefaultFileLockManager$DefaultFileLock$1.stop(DefaultFileLockManager.java:265)
	... 112 more
Could not stop build 'buildSrc'.
java.lang.RuntimeException: Failed to release lock on execution history cache (/home/users/lz280/IdeaProjects/OSPREY3/buildSrc/.gradle/7.3/executionHistory)
	at org.gradle.cache.internal.DefaultFileLockManager$DefaultFileLock$1.stop(DefaultFileLockManager.java:268)
	at org.gradle.internal.concurrent.CompositeStoppable.stop(CompositeStoppable.java:106)
	at org.gradle.cache.internal.DefaultFileLockManager$DefaultFileLock.close(DefaultFileLockManager.java:290)
	at org.gradle.cache.internal.LockOnDemandCrossProcessCacheAccess.releaseLockIfHeld(LockOnDemandCrossProcessCacheAccess.java:155)
	at org.gradle.cache.internal.LockOnDemandCrossProcessCacheAccess.close(LockOnDemandCrossProcessCacheAccess.java:80)
	at org.gradle.cache.internal.DefaultCacheAccess.close(DefaultCacheAccess.java:169)
	at org.gradle.cache.internal.DefaultPersistentDirectoryStore.close(DefaultPersistentDirectoryStore.java:135)
	at org.gradle.cache.internal.DefaultCacheFactory$DirCacheReference.close(DefaultCacheFactory.java:155)
	at org.gradle.cache.internal.DefaultCacheFactory$DirCacheReference.release(DefaultCacheFactory.java:143)
	at org.gradle.cache.internal.DefaultCacheFactory$ReferenceTrackingCache.close(DefaultCacheFactory.java:174)
	at org.gradle.api.internal.changedetection.state.DefaultExecutionHistoryCacheAccess.close(DefaultExecutionHistoryCacheAccess.java:45)
	at org.gradle.internal.concurrent.CompositeStoppable$2.stop(CompositeStoppable.java:90)
	at org.gradle.internal.concurrent.CompositeStoppable.stop(CompositeStoppable.java:106)
	at org.gradle.internal.service.DefaultServiceRegistry$ManagedObjectServiceProvider.stop(DefaultServiceRegistry.java:635)
	at org.gradle.internal.concurrent.CompositeStoppable.stop(CompositeStoppable.java:106)
	at org.gradle.internal.service.DefaultServiceRegistry$OwnServices.stop(DefaultServiceRegistry.java:491)
	at org.gradle.internal.concurrent.CompositeStoppable.stop(CompositeStoppable.java:106)
	at org.gradle.internal.service.DefaultServiceRegistry$CompositeServiceProvider.stop(DefaultServiceRegistry.java:1023)
	at org.gradle.internal.concurrent.CompositeStoppable.stop(CompositeStoppable.java:106)
	at org.gradle.internal.service.DefaultServiceRegistry.close(DefaultServiceRegistry.java:276)
	at org.gradle.internal.service.scopes.GradleScopeServices.close(GradleScopeServices.java:334)
	at org.gradle.internal.concurrent.CompositeStoppable$2.stop(CompositeStoppable.java:90)
	at org.gradle.internal.concurrent.CompositeStoppable.stop(CompositeStoppable.java:106)
	at org.gradle.internal.service.scopes.BuildScopeServiceRegistryFactory.close(BuildScopeServiceRegistryFactory.java:52)
	at org.gradle.internal.concurrent.CompositeStoppable$2.stop(CompositeStoppable.java:90)
	at org.gradle.internal.concurrent.CompositeStoppable.stop(CompositeStoppable.java:106)
	at org.gradle.internal.service.DefaultServiceRegistry$ManagedObjectServiceProvider.stop(DefaultServiceRegistry.java:635)
	at org.gradle.internal.concurrent.CompositeStoppable.stop(CompositeStoppable.java:106)
	at org.gradle.internal.service.DefaultServiceRegistry$OwnServices.stop(DefaultServiceRegistry.java:491)
	at org.gradle.internal.concurrent.CompositeStoppable.stop(CompositeStoppable.java:106)
	at org.gradle.internal.service.DefaultServiceRegistry$CompositeServiceProvider.stop(DefaultServiceRegistry.java:1023)
	at org.gradle.internal.concurrent.CompositeStoppable.stop(CompositeStoppable.java:106)
	at org.gradle.internal.service.DefaultServiceRegistry.close(DefaultServiceRegistry.java:276)
	at org.gradle.internal.concurrent.CompositeStoppable$2.stop(CompositeStoppable.java:90)
	at org.gradle.internal.concurrent.CompositeStoppable.stop(CompositeStoppable.java:106)
	at org.gradle.internal.build.DefaultBuildLifecycleController.stop(DefaultBuildLifecycleController.java:177)
	at org.gradle.composite.internal.DefaultNestedBuild.stop(DefaultNestedBuild.java:118)
	at org.gradle.internal.concurrent.CompositeStoppable.stop(CompositeStoppable.java:106)
	at org.gradle.composite.internal.DefaultIncludedBuildRegistry.stop(DefaultIncludedBuildRegistry.java:322)
	at org.gradle.internal.concurrent.CompositeStoppable.stop(CompositeStoppable.java:106)
	at org.gradle.internal.service.DefaultServiceRegistry$ManagedObjectServiceProvider.stop(DefaultServiceRegistry.java:635)
	at org.gradle.internal.concurrent.CompositeStoppable.stop(CompositeStoppable.java:106)
	at org.gradle.internal.service.DefaultServiceRegistry$ManagedObjectServiceProvider.stop(DefaultServiceRegistry.java:635)
	at org.gradle.internal.concurrent.CompositeStoppable.stop(CompositeStoppable.java:106)
	at org.gradle.internal.service.DefaultServiceRegistry$OwnServices.stop(DefaultServiceRegistry.java:491)
	at org.gradle.internal.concurrent.CompositeStoppable.stop(CompositeStoppable.java:106)
	at org.gradle.internal.service.DefaultServiceRegistry$CompositeServiceProvider.stop(DefaultServiceRegistry.java:1023)
	at org.gradle.internal.concurrent.CompositeStoppable.stop(CompositeStoppable.java:106)
	at org.gradle.internal.service.DefaultServiceRegistry.close(DefaultServiceRegistry.java:276)
	at org.gradle.internal.concurrent.CompositeStoppable$2.stop(CompositeStoppable.java:90)
	at org.gradle.internal.concurrent.CompositeStoppable.stop(CompositeStoppable.java:106)
	at org.gradle.internal.buildtree.BuildTreeState.close(BuildTreeState.java:58)
	at org.gradle.launcher.exec.BuildTreeLifecycleBuildActionExecutor.execute(BuildTreeLifecycleBuildActionExecutor.java:67)
	at org.gradle.launcher.exec.RunAsBuildOperationBuildActionExecutor$3.call(RunAsBuildOperationBuildActionExecutor.java:61)
	at org.gradle.launcher.exec.RunAsBuildOperationBuildActionExecutor$3.call(RunAsBuildOperationBuildActionExecutor.java:57)
	at org.gradle.internal.operations.DefaultBuildOperationRunner$CallableBuildOperationWorker.execute(DefaultBuildOperationRunner.java:204)
	at org.gradle.internal.operations.DefaultBuildOperationRunner$CallableBuildOperationWorker.execute(DefaultBuildOperationRunner.java:199)
	at org.gradle.internal.operations.DefaultBuildOperationRunner$2.execute(DefaultBuildOperationRunner.java:66)
	at org.gradle.internal.operations.DefaultBuildOperationRunner$2.execute(DefaultBuildOperationRunner.java:59)
	at org.gradle.internal.operations.DefaultBuildOperationRunner.execute(DefaultBuildOperationRunner.java:157)
	at org.gradle.internal.operations.DefaultBuildOperationRunner.execute(DefaultBuildOperationRunner.java:59)
	at org.gradle.internal.operations.DefaultBuildOperationRunner.call(DefaultBuildOperationRunner.java:53)
	at org.gradle.internal.operations.DefaultBuildOperationExecutor.call(DefaultBuildOperationExecutor.java:73)
	at org.gradle.launcher.exec.RunAsBuildOperationBuildActionExecutor.execute(RunAsBuildOperationBuildActionExecutor.java:57)
	at org.gradle.launcher.exec.RunAsWorkerThreadBuildActionExecutor.lambda$execute$0(RunAsWorkerThreadBuildActionExecutor.java:38)
	at org.gradle.internal.work.DefaultWorkerLeaseService.withLocks(DefaultWorkerLeaseService.java:211)
	at org.gradle.launcher.exec.RunAsWorkerThreadBuildActionExecutor.execute(RunAsWorkerThreadBuildActionExecutor.java:38)
	at org.gradle.tooling.internal.provider.ContinuousBuildActionExecutor.execute(ContinuousBuildActionExecutor.java:103)
	at org.gradle.tooling.internal.provider.SubscribableBuildActionExecutor.execute(SubscribableBuildActionExecutor.java:64)
	at org.gradle.internal.session.DefaultBuildSessionContext.execute(DefaultBuildSessionContext.java:46)
	at org.gradle.tooling.internal.provider.BuildSessionLifecycleBuildActionExecuter$ActionImpl.apply(BuildSessionLifecycleBuildActionExecuter.java:100)
	at org.gradle.tooling.internal.provider.BuildSessionLifecycleBuildActionExecuter$ActionImpl.apply(BuildSessionLifecycleBuildActionExecuter.java:88)
	at org.gradle.internal.session.BuildSessionState.run(BuildSessionState.java:69)
	at org.gradle.tooling.internal.provider.BuildSessionLifecycleBuildActionExecuter.execute(BuildSessionLifecycleBuildActionExecuter.java:62)
	at org.gradle.tooling.internal.provider.BuildSessionLifecycleBuildActionExecuter.execute(BuildSessionLifecycleBuildActionExecuter.java:41)
	at org.gradle.tooling.internal.provider.GradleThreadBuildActionExecuter.execute(GradleThreadBuildActionExecuter.java:36)
	at org.gradle.tooling.internal.provider.GradleThreadBuildActionExecuter.execute(GradleThreadBuildActionExecuter.java:25)
	at org.gradle.tooling.internal.provider.StartParamsValidatingActionExecuter.execute(StartParamsValidatingActionExecuter.java:63)
	at org.gradle.tooling.internal.provider.StartParamsValidatingActionExecuter.execute(StartParamsValidatingActionExecuter.java:31)
	at org.gradle.tooling.internal.provider.SessionFailureReportingActionExecuter.execute(SessionFailureReportingActionExecuter.java:58)
	at org.gradle.tooling.internal.provider.SessionFailureReportingActionExecuter.execute(SessionFailureReportingActionExecuter.java:42)
	at org.gradle.tooling.internal.provider.SetupLoggingActionExecuter.execute(SetupLoggingActionExecuter.java:47)
	at org.gradle.tooling.internal.provider.SetupLoggingActionExecuter.execute(SetupLoggingActionExecuter.java:31)
	at org.gradle.launcher.daemon.server.exec.ExecuteBuild.doBuild(ExecuteBuild.java:65)
	at org.gradle.launcher.daemon.server.exec.BuildCommandOnly.execute(BuildCommandOnly.java:37)
	at org.gradle.launcher.daemon.server.api.DaemonCommandExecution.proceed(DaemonCommandExecution.java:104)
	at org.gradle.launcher.daemon.server.exec.WatchForDisconnection.execute(WatchForDisconnection.java:39)
	at org.gradle.launcher.daemon.server.api.DaemonCommandExecution.proceed(DaemonCommandExecution.java:104)
	at org.gradle.launcher.daemon.server.exec.ResetDeprecationLogger.execute(ResetDeprecationLogger.java:29)
	at org.gradle.launcher.daemon.server.api.DaemonCommandExecution.proceed(DaemonCommandExecution.java:104)
	at org.gradle.launcher.daemon.server.exec.RequestStopIfSingleUsedDaemon.execute(RequestStopIfSingleUsedDaemon.java:35)
	at org.gradle.launcher.daemon.server.api.DaemonCommandExecution.proceed(DaemonCommandExecution.java:104)
	at org.gradle.launcher.daemon.server.exec.ForwardClientInput$2.create(ForwardClientInput.java:78)
	at org.gradle.launcher.daemon.server.exec.ForwardClientInput$2.create(ForwardClientInput.java:75)
	at org.gradle.util.internal.Swapper.swap(Swapper.java:38)
	at org.gradle.launcher.daemon.server.exec.ForwardClientInput.execute(ForwardClientInput.java:75)
	at org.gradle.launcher.daemon.server.api.DaemonCommandExecution.proceed(DaemonCommandExecution.java:104)
	at org.gradle.launcher.daemon.server.exec.LogAndCheckHealth.execute(LogAndCheckHealth.java:55)
	at org.gradle.launcher.daemon.server.api.DaemonCommandExecution.proceed(DaemonCommandExecution.java:104)
	at org.gradle.launcher.daemon.server.exec.LogToClient.doBuild(LogToClient.java:63)
	at org.gradle.launcher.daemon.server.exec.BuildCommandOnly.execute(BuildCommandOnly.java:37)
	at org.gradle.launcher.daemon.server.api.DaemonCommandExecution.proceed(DaemonCommandExecution.java:104)
	at org.gradle.launcher.daemon.server.exec.EstablishBuildEnvironment.doBuild(EstablishBuildEnvironment.java:84)
	at org.gradle.launcher.daemon.server.exec.BuildCommandOnly.execute(BuildCommandOnly.java:37)
	at org.gradle.launcher.daemon.server.api.DaemonCommandExecution.proceed(DaemonCommandExecution.java:104)
	at org.gradle.launcher.daemon.server.exec.StartBuildOrRespondWithBusy$1.run(StartBuildOrRespondWithBusy.java:52)
	at org.gradle.launcher.daemon.server.DaemonStateCoordinator$1.run(DaemonStateCoordinator.java:297)
	at org.gradle.internal.concurrent.ExecutorPolicy$CatchAndRecordFailures.onExecute(ExecutorPolicy.java:64)
	at org.gradle.internal.concurrent.ManagedExecutorImpl$1.run(ManagedExecutorImpl.java:48)
	at java.base/java.util.concurrent.ThreadPoolExecutor.runWorker(ThreadPoolExecutor.java:1136)
	at java.base/java.util.concurrent.ThreadPoolExecutor$Worker.run(ThreadPoolExecutor.java:635)
	at org.gradle.internal.concurrent.ThreadFactoryImpl$ManagedThreadRunnable.run(ThreadFactoryImpl.java:61)
	at java.base/java.lang.Thread.run(Thread.java:833)
Caused by: java.io.IOException: No locks available
	at java.base/sun.nio.ch.FileDispatcherImpl.release0(Native Method)
	at java.base/sun.nio.ch.FileDispatcherImpl.release(FileDispatcherImpl.java:100)
	at java.base/sun.nio.ch.FileChannelImpl.implCloseChannel(FileChannelImpl.java:185)
	at java.base/java.nio.channels.spi.AbstractInterruptibleChannel.close(AbstractInterruptibleChannel.java:112)
	at java.base/java.io.RandomAccessFile.close(RandomAccessFile.java:653)
	at org.gradle.cache.internal.filelock.LockFileAccess.close(LockFileAccess.java:37)
	at org.gradle.cache.internal.DefaultFileLockManager$DefaultFileLock$1.stop(DefaultFileLockManager.java:265)
	... 112 more
Could not stop Service BuildSessionScopeServices$CrossBuildFileHashCacheWrapper at BuildSessionScopeServices.createCrossBuildChecksumCache().
java.lang.RuntimeException: Failed to release lock on checksums cache (/home/users/lz280/IdeaProjects/OSPREY3/.gradle/7.3/checksums)
	at org.gradle.cache.internal.DefaultFileLockManager$DefaultFileLock$1.stop(DefaultFileLockManager.java:268)
	at org.gradle.internal.concurrent.CompositeStoppable.stop(CompositeStoppable.java:106)
	at org.gradle.cache.internal.DefaultFileLockManager$DefaultFileLock.close(DefaultFileLockManager.java:290)
	at org.gradle.cache.internal.LockOnDemandCrossProcessCacheAccess.releaseLockIfHeld(LockOnDemandCrossProcessCacheAccess.java:155)
	at org.gradle.cache.internal.LockOnDemandCrossProcessCacheAccess.close(LockOnDemandCrossProcessCacheAccess.java:80)
	at org.gradle.cache.internal.DefaultCacheAccess.close(DefaultCacheAccess.java:169)
	at org.gradle.cache.internal.DefaultPersistentDirectoryStore.close(DefaultPersistentDirectoryStore.java:135)
	at org.gradle.cache.internal.DefaultCacheFactory$DirCacheReference.close(DefaultCacheFactory.java:155)
	at org.gradle.cache.internal.DefaultCacheFactory$DirCacheReference.release(DefaultCacheFactory.java:143)
	at org.gradle.cache.internal.DefaultCacheFactory$ReferenceTrackingCache.close(DefaultCacheFactory.java:174)
	at org.gradle.api.internal.changedetection.state.CrossBuildFileHashCache.close(CrossBuildFileHashCache.java:51)
	at org.gradle.internal.session.BuildSessionScopeServices$CrossBuildFileHashCacheWrapper.close(BuildSessionScopeServices.java:244)
	at org.gradle.internal.concurrent.CompositeStoppable$2.stop(CompositeStoppable.java:90)
	at org.gradle.internal.concurrent.CompositeStoppable.stop(CompositeStoppable.java:106)
	at org.gradle.internal.service.DefaultServiceRegistry$ManagedObjectServiceProvider.stop(DefaultServiceRegistry.java:635)
	at org.gradle.internal.concurrent.CompositeStoppable.stop(CompositeStoppable.java:106)
	at org.gradle.internal.service.DefaultServiceRegistry$ManagedObjectServiceProvider.stop(DefaultServiceRegistry.java:635)
	at org.gradle.internal.concurrent.CompositeStoppable.stop(CompositeStoppable.java:106)
	at org.gradle.internal.service.DefaultServiceRegistry$ManagedObjectServiceProvider.stop(DefaultServiceRegistry.java:635)
	at org.gradle.internal.concurrent.CompositeStoppable.stop(CompositeStoppable.java:106)
	at org.gradle.internal.service.DefaultServiceRegistry$ManagedObjectServiceProvider.stop(DefaultServiceRegistry.java:635)
	at org.gradle.internal.concurrent.CompositeStoppable.stop(CompositeStoppable.java:106)
	at org.gradle.internal.service.DefaultServiceRegistry$OwnServices.stop(DefaultServiceRegistry.java:491)
	at org.gradle.internal.concurrent.CompositeStoppable.stop(CompositeStoppable.java:106)
	at org.gradle.internal.service.DefaultServiceRegistry$CompositeServiceProvider.stop(DefaultServiceRegistry.java:1023)
	at org.gradle.internal.concurrent.CompositeStoppable.stop(CompositeStoppable.java:106)
	at org.gradle.internal.service.DefaultServiceRegistry.close(DefaultServiceRegistry.java:276)
	at org.gradle.internal.concurrent.CompositeStoppable$2.stop(CompositeStoppable.java:90)
	at org.gradle.internal.concurrent.CompositeStoppable.stop(CompositeStoppable.java:106)
	at org.gradle.internal.session.BuildSessionState.close(BuildSessionState.java:74)
	at org.gradle.tooling.internal.provider.BuildSessionLifecycleBuildActionExecuter.execute(BuildSessionLifecycleBuildActionExecuter.java:61)
	at org.gradle.tooling.internal.provider.BuildSessionLifecycleBuildActionExecuter.execute(BuildSessionLifecycleBuildActionExecuter.java:41)
	at org.gradle.tooling.internal.provider.GradleThreadBuildActionExecuter.execute(GradleThreadBuildActionExecuter.java:36)
	at org.gradle.tooling.internal.provider.GradleThreadBuildActionExecuter.execute(GradleThreadBuildActionExecuter.java:25)
	at org.gradle.tooling.internal.provider.StartParamsValidatingActionExecuter.execute(StartParamsValidatingActionExecuter.java:63)
	at org.gradle.tooling.internal.provider.StartParamsValidatingActionExecuter.execute(StartParamsValidatingActionExecuter.java:31)
	at org.gradle.tooling.internal.provider.SessionFailureReportingActionExecuter.execute(SessionFailureReportingActionExecuter.java:58)
	at org.gradle.tooling.internal.provider.SessionFailureReportingActionExecuter.execute(SessionFailureReportingActionExecuter.java:42)
	at org.gradle.tooling.internal.provider.SetupLoggingActionExecuter.execute(SetupLoggingActionExecuter.java:47)
	at org.gradle.tooling.internal.provider.SetupLoggingActionExecuter.execute(SetupLoggingActionExecuter.java:31)
	at org.gradle.launcher.daemon.server.exec.ExecuteBuild.doBuild(ExecuteBuild.java:65)
	at org.gradle.launcher.daemon.server.exec.BuildCommandOnly.execute(BuildCommandOnly.java:37)
	at org.gradle.launcher.daemon.server.api.DaemonCommandExecution.proceed(DaemonCommandExecution.java:104)
	at org.gradle.launcher.daemon.server.exec.WatchForDisconnection.execute(WatchForDisconnection.java:39)
	at org.gradle.launcher.daemon.server.api.DaemonCommandExecution.proceed(DaemonCommandExecution.java:104)
	at org.gradle.launcher.daemon.server.exec.ResetDeprecationLogger.execute(ResetDeprecationLogger.java:29)
	at org.gradle.launcher.daemon.server.api.DaemonCommandExecution.proceed(DaemonCommandExecution.java:104)
	at org.gradle.launcher.daemon.server.exec.RequestStopIfSingleUsedDaemon.execute(RequestStopIfSingleUsedDaemon.java:35)
	at org.gradle.launcher.daemon.server.api.DaemonCommandExecution.proceed(DaemonCommandExecution.java:104)
	at org.gradle.launcher.daemon.server.exec.ForwardClientInput$2.create(ForwardClientInput.java:78)
	at org.gradle.launcher.daemon.server.exec.ForwardClientInput$2.create(ForwardClientInput.java:75)
	at org.gradle.util.internal.Swapper.swap(Swapper.java:38)
	at org.gradle.launcher.daemon.server.exec.ForwardClientInput.execute(ForwardClientInput.java:75)
	at org.gradle.launcher.daemon.server.api.DaemonCommandExecution.proceed(DaemonCommandExecution.java:104)
	at org.gradle.launcher.daemon.server.exec.LogAndCheckHealth.execute(LogAndCheckHealth.java:55)
	at org.gradle.launcher.daemon.server.api.DaemonCommandExecution.proceed(DaemonCommandExecution.java:104)
	at org.gradle.launcher.daemon.server.exec.LogToClient.doBuild(LogToClient.java:63)
	at org.gradle.launcher.daemon.server.exec.BuildCommandOnly.execute(BuildCommandOnly.java:37)
	at org.gradle.launcher.daemon.server.api.DaemonCommandExecution.proceed(DaemonCommandExecution.java:104)
	at org.gradle.launcher.daemon.server.exec.EstablishBuildEnvironment.doBuild(EstablishBuildEnvironment.java:84)
	at org.gradle.launcher.daemon.server.exec.BuildCommandOnly.execute(BuildCommandOnly.java:37)
	at org.gradle.launcher.daemon.server.api.DaemonCommandExecution.proceed(DaemonCommandExecution.java:104)
	at org.gradle.launcher.daemon.server.exec.StartBuildOrRespondWithBusy$1.run(StartBuildOrRespondWithBusy.java:52)
	at org.gradle.launcher.daemon.server.DaemonStateCoordinator$1.run(DaemonStateCoordinator.java:297)
	at org.gradle.internal.concurrent.ExecutorPolicy$CatchAndRecordFailures.onExecute(ExecutorPolicy.java:64)
	at org.gradle.internal.concurrent.ManagedExecutorImpl$1.run(ManagedExecutorImpl.java:48)
	at java.base/java.util.concurrent.ThreadPoolExecutor.runWorker(ThreadPoolExecutor.java:1136)
	at java.base/java.util.concurrent.ThreadPoolExecutor$Worker.run(ThreadPoolExecutor.java:635)
	at org.gradle.internal.concurrent.ThreadFactoryImpl$ManagedThreadRunnable.run(ThreadFactoryImpl.java:61)
	at java.base/java.lang.Thread.run(Thread.java:833)
Caused by: java.io.IOException: No locks available
	at java.base/sun.nio.ch.FileDispatcherImpl.release0(Native Method)
	at java.base/sun.nio.ch.FileDispatcherImpl.release(FileDispatcherImpl.java:100)
	at java.base/sun.nio.ch.FileChannelImpl.implCloseChannel(FileChannelImpl.java:185)
	at java.base/java.nio.channels.spi.AbstractInterruptibleChannel.close(AbstractInterruptibleChannel.java:112)
	at java.base/java.io.RandomAccessFile.close(RandomAccessFile.java:653)
	at org.gradle.cache.internal.filelock.LockFileAccess.close(LockFileAccess.java:37)
	at org.gradle.cache.internal.DefaultFileLockManager$DefaultFileLock$1.stop(DefaultFileLockManager.java:265)
	... 69 more
Could not stop Service DependenciesAccessorsWorkspaceProvider.
java.lang.RuntimeException: Failed to release lock on dependencies-accessors (/home/users/lz280/IdeaProjects/OSPREY3/.gradle/7.3/dependencies-accessors)
	at org.gradle.cache.internal.DefaultFileLockManager$DefaultFileLock$1.stop(DefaultFileLockManager.java:268)
	at org.gradle.internal.concurrent.CompositeStoppable.stop(CompositeStoppable.java:106)
	at org.gradle.cache.internal.DefaultFileLockManager$DefaultFileLock.close(DefaultFileLockManager.java:290)
	at org.gradle.cache.internal.LockOnDemandCrossProcessCacheAccess.releaseLockIfHeld(LockOnDemandCrossProcessCacheAccess.java:155)
	at org.gradle.cache.internal.LockOnDemandCrossProcessCacheAccess.close(LockOnDemandCrossProcessCacheAccess.java:80)
	at org.gradle.cache.internal.DefaultCacheAccess.close(DefaultCacheAccess.java:169)
	at org.gradle.cache.internal.DefaultPersistentDirectoryStore.close(DefaultPersistentDirectoryStore.java:135)
	at org.gradle.cache.internal.DefaultCacheFactory$DirCacheReference.close(DefaultCacheFactory.java:155)
	at org.gradle.cache.internal.DefaultCacheFactory$DirCacheReference.release(DefaultCacheFactory.java:143)
	at org.gradle.cache.internal.DefaultCacheFactory$ReferenceTrackingCache.close(DefaultCacheFactory.java:174)
	at org.gradle.internal.execution.workspace.impl.DefaultImmutableWorkspaceProvider.close(DefaultImmutableWorkspaceProvider.java:126)
	at org.gradle.api.internal.catalog.DependenciesAccessorsWorkspaceProvider.close(DependenciesAccessorsWorkspaceProvider.java:47)
	at org.gradle.internal.concurrent.CompositeStoppable$2.stop(CompositeStoppable.java:90)
	at org.gradle.internal.concurrent.CompositeStoppable.stop(CompositeStoppable.java:106)
	at org.gradle.internal.service.DefaultServiceRegistry$ManagedObjectServiceProvider.stop(DefaultServiceRegistry.java:635)
	at org.gradle.internal.concurrent.CompositeStoppable.stop(CompositeStoppable.java:106)
	at org.gradle.internal.service.DefaultServiceRegistry$ManagedObjectServiceProvider.stop(DefaultServiceRegistry.java:635)
	at org.gradle.internal.concurrent.CompositeStoppable.stop(CompositeStoppable.java:106)
	at org.gradle.internal.service.DefaultServiceRegistry$ManagedObjectServiceProvider.stop(DefaultServiceRegistry.java:635)
	at org.gradle.internal.concurrent.CompositeStoppable.stop(CompositeStoppable.java:106)
	at org.gradle.internal.service.DefaultServiceRegistry$ManagedObjectServiceProvider.stop(DefaultServiceRegistry.java:635)
	at org.gradle.internal.concurrent.CompositeStoppable.stop(CompositeStoppable.java:106)
	at org.gradle.internal.service.DefaultServiceRegistry$OwnServices.stop(DefaultServiceRegistry.java:491)
	at org.gradle.internal.concurrent.CompositeStoppable.stop(CompositeStoppable.java:106)
	at org.gradle.internal.service.DefaultServiceRegistry$CompositeServiceProvider.stop(DefaultServiceRegistry.java:1023)
	at org.gradle.internal.concurrent.CompositeStoppable.stop(CompositeStoppable.java:106)
	at org.gradle.internal.service.DefaultServiceRegistry.close(DefaultServiceRegistry.java:276)
	at org.gradle.internal.concurrent.CompositeStoppable$2.stop(CompositeStoppable.java:90)
	at org.gradle.internal.concurrent.CompositeStoppable.stop(CompositeStoppable.java:106)
	at org.gradle.internal.session.BuildSessionState.close(BuildSessionState.java:74)
	at org.gradle.tooling.internal.provider.BuildSessionLifecycleBuildActionExecuter.execute(BuildSessionLifecycleBuildActionExecuter.java:61)
	at org.gradle.tooling.internal.provider.BuildSessionLifecycleBuildActionExecuter.execute(BuildSessionLifecycleBuildActionExecuter.java:41)
	at org.gradle.tooling.internal.provider.GradleThreadBuildActionExecuter.execute(GradleThreadBuildActionExecuter.java:36)
	at org.gradle.tooling.internal.provider.GradleThreadBuildActionExecuter.execute(GradleThreadBuildActionExecuter.java:25)
	at org.gradle.tooling.internal.provider.StartParamsValidatingActionExecuter.execute(StartParamsValidatingActionExecuter.java:63)
	at org.gradle.tooling.internal.provider.StartParamsValidatingActionExecuter.execute(StartParamsValidatingActionExecuter.java:31)
	at org.gradle.tooling.internal.provider.SessionFailureReportingActionExecuter.execute(SessionFailureReportingActionExecuter.java:58)
	at org.gradle.tooling.internal.provider.SessionFailureReportingActionExecuter.execute(SessionFailureReportingActionExecuter.java:42)
	at org.gradle.tooling.internal.provider.SetupLoggingActionExecuter.execute(SetupLoggingActionExecuter.java:47)
	at org.gradle.tooling.internal.provider.SetupLoggingActionExecuter.execute(SetupLoggingActionExecuter.java:31)
	at org.gradle.launcher.daemon.server.exec.ExecuteBuild.doBuild(ExecuteBuild.java:65)
	at org.gradle.launcher.daemon.server.exec.BuildCommandOnly.execute(BuildCommandOnly.java:37)
	at org.gradle.launcher.daemon.server.api.DaemonCommandExecution.proceed(DaemonCommandExecution.java:104)
	at org.gradle.launcher.daemon.server.exec.WatchForDisconnection.execute(WatchForDisconnection.java:39)
	at org.gradle.launcher.daemon.server.api.DaemonCommandExecution.proceed(DaemonCommandExecution.java:104)
	at org.gradle.launcher.daemon.server.exec.ResetDeprecationLogger.execute(ResetDeprecationLogger.java:29)
	at org.gradle.launcher.daemon.server.api.DaemonCommandExecution.proceed(DaemonCommandExecution.java:104)
	at org.gradle.launcher.daemon.server.exec.RequestStopIfSingleUsedDaemon.execute(RequestStopIfSingleUsedDaemon.java:35)
	at org.gradle.launcher.daemon.server.api.DaemonCommandExecution.proceed(DaemonCommandExecution.java:104)
	at org.gradle.launcher.daemon.server.exec.ForwardClientInput$2.create(ForwardClientInput.java:78)
	at org.gradle.launcher.daemon.server.exec.ForwardClientInput$2.create(ForwardClientInput.java:75)
	at org.gradle.util.internal.Swapper.swap(Swapper.java:38)
	at org.gradle.launcher.daemon.server.exec.ForwardClientInput.execute(ForwardClientInput.java:75)
	at org.gradle.launcher.daemon.server.api.DaemonCommandExecution.proceed(DaemonCommandExecution.java:104)
	at org.gradle.launcher.daemon.server.exec.LogAndCheckHealth.execute(LogAndCheckHealth.java:55)
	at org.gradle.launcher.daemon.server.api.DaemonCommandExecution.proceed(DaemonCommandExecution.java:104)
	at org.gradle.launcher.daemon.server.exec.LogToClient.doBuild(LogToClient.java:63)
	at org.gradle.launcher.daemon.server.exec.BuildCommandOnly.execute(BuildCommandOnly.java:37)
	at org.gradle.launcher.daemon.server.api.DaemonCommandExecution.proceed(DaemonCommandExecution.java:104)
	at org.gradle.launcher.daemon.server.exec.EstablishBuildEnvironment.doBuild(EstablishBuildEnvironment.java:84)
	at org.gradle.launcher.daemon.server.exec.BuildCommandOnly.execute(BuildCommandOnly.java:37)
	at org.gradle.launcher.daemon.server.api.DaemonCommandExecution.proceed(DaemonCommandExecution.java:104)
	at org.gradle.launcher.daemon.server.exec.StartBuildOrRespondWithBusy$1.run(StartBuildOrRespondWithBusy.java:52)
	at org.gradle.launcher.daemon.server.DaemonStateCoordinator$1.run(DaemonStateCoordinator.java:297)
	at org.gradle.internal.concurrent.ExecutorPolicy$CatchAndRecordFailures.onExecute(ExecutorPolicy.java:64)
	at org.gradle.internal.concurrent.ManagedExecutorImpl$1.run(ManagedExecutorImpl.java:48)
	at java.base/java.util.concurrent.ThreadPoolExecutor.runWorker(ThreadPoolExecutor.java:1136)
	at java.base/java.util.concurrent.ThreadPoolExecutor$Worker.run(ThreadPoolExecutor.java:635)
	at org.gradle.internal.concurrent.ThreadFactoryImpl$ManagedThreadRunnable.run(ThreadFactoryImpl.java:61)
	at java.base/java.lang.Thread.run(Thread.java:833)
Caused by: java.io.IOException: No locks available
	at java.base/sun.nio.ch.FileDispatcherImpl.release0(Native Method)
	at java.base/sun.nio.ch.FileDispatcherImpl.release(FileDispatcherImpl.java:100)
	at java.base/sun.nio.ch.FileChannelImpl.implCloseChannel(FileChannelImpl.java:185)
	at java.base/java.nio.channels.spi.AbstractInterruptibleChannel.close(AbstractInterruptibleChannel.java:112)
	at java.base/java.io.RandomAccessFile.close(RandomAccessFile.java:653)
	at org.gradle.cache.internal.filelock.LockFileAccess.close(LockFileAccess.java:37)
	at org.gradle.cache.internal.DefaultFileLockManager$DefaultFileLock$1.stop(DefaultFileLockManager.java:265)
	... 69 more

FAILURE: Build completed with 2 failures.

1: Task failed with an exception.
-----------
* What went wrong:
Execution failed for task ':test'.
> A build operation failed.
      Could not write XML test results for edu.duke.cs.osprey.kstar.TestCometsZWithMARKStarPerformance to file /home/users/lz280/IdeaProjects/OSPREY3/build/test-results/test/TEST-edu.duke.cs.osprey.kstar.TestCometsZWithMARKStarPerformance.xml.
   > Could not write XML test results for edu.duke.cs.osprey.kstar.TestCometsZWithMARKStarPerformance to file /home/users/lz280/IdeaProjects/OSPREY3/build/test-results/test/TEST-edu.duke.cs.osprey.kstar.TestCometsZWithMARKStarPerformance.xml.

* Try:
> Run with --stacktrace option to get the stack trace.
> Run with --debug option to get more log output.
> Run with --scan to get full insights.
==============================================================================

2: Task failed with an exception.
-----------
* What went wrong:
Failed to release lock on execution history cache (/home/users/lz280/IdeaProjects/OSPREY3/.gradle/7.3/executionHistory)
> No locks available

* Try:
> Run with --stacktrace option to get the stack trace.
> Run with --debug option to get more log output.
> Run with --scan to get full insights.
==============================================================================

* Get more help at https://help.gradle.org

BUILD FAILED in 26h 27m 29s

FAILURE: Build failed with an exception.

* What went wrong:
Could not receive a message from the daemon.

* Try:
> Run with --stacktrace option to get the stack trace.
> Run with --debug option to get more log output.
> Run with --scan to get full insights.

* Get more help at https://help.gradle.org
TERM environment variable not set.
