==========================================
DP-MARKStar vs Greedy Comparison on 2RL0
LARGE SCALE TEST (9 flexible residues)
==========================================
Job ID: 10340523
Start time: Wed Dec 31 09:22:24 PM EST 2025
Memory: 32GB, CPUs: 4, Time limit: 6h

No Gradle daemons are running.
Starting a Gradle Daemon, 3 stopped Daemons could not be reused, use --status for details
> Task :buildSrc:compileKotlin UP-TO-DATE
> Task :buildSrc:compileJava UP-TO-DATE
> Task :buildSrc:compileGroovy NO-SOURCE
> Task :buildSrc:pluginDescriptors UP-TO-DATE
> Task :buildSrc:processResources UP-TO-DATE
> Task :buildSrc:classes UP-TO-DATE
> Task :buildSrc:inspectClassesForKotlinIC UP-TO-DATE
> Task :buildSrc:jar UP-TO-DATE
> Task :buildSrc:assemble UP-TO-DATE
> Task :buildSrc:compileTestKotlin UP-TO-DATE
> Task :buildSrc:pluginUnderTestMetadata UP-TO-DATE
> Task :buildSrc:compileTestJava UP-TO-DATE
> Task :buildSrc:compileTestGroovy NO-SOURCE
> Task :buildSrc:processTestResources NO-SOURCE
> Task :buildSrc:testClasses UP-TO-DATE
> Task :buildSrc:test UP-TO-DATE
> Task :buildSrc:validatePlugins UP-TO-DATE
> Task :buildSrc:check UP-TO-DATE
> Task :buildSrc:build UP-TO-DATE
> Task :compileKotlin UP-TO-DATE
> Task :compileJava UP-TO-DATE
> Task :processResources
> Task :classes

> Task :compileTestKotlin
w: ATTENTION!
This build uses unsafe internal compiler arguments:

-XXLanguage:+InlineClasses

This mode is not recommended for production use,
as no stability/compatibility guarantees are given on
compiler or generated code. Use it at your own risk!

w: '-Xuse-experimental' is deprecated and will be removed in a future release, please use -opt-in instead

> Task :compileTestJava

> Task :processTestResources UP-TO-DATE
> Task :testClasses

> Task :test

Daemon will be stopped at the end of the build after the daemon was no longer found in the daemon registry

> Task :test

TestDP_MARKStar > test2RL0_GreedyVsDP() PASSED

Deprecated Gradle features were used in this build, making it incompatible with Gradle 8.0.

You can use '--warning-mode all' to show the individual deprecation warnings and determine if they come from your own scripts or plugins.

See https://docs.gradle.org/7.3/userguide/command_line_interface.html#sec:command_line_warnings

BUILD SUCCESSFUL in 42m 9s
18 actionable tasks: 4 executed, 14 up-to-date

End time: Wed Dec 31 10:04:40 PM EST 2025
Test completed!
