==========================================
DP-MARKStar Phase 1 Optimizations Test
Binary Search + Parallel DP
==========================================
Job ID: 10340907
Start time: Wed Dec 31 10:45:48 PM EST 2025
Memory: 16GB, CPUs: 4, Time limit: 45min

Stopping Daemon(s)
1 Daemon stopped
Compiling with Phase 1 optimizations...
Starting a Gradle Daemon, 8 stopped Daemons could not be reused, use --status for details
> Task :buildSrc:compileKotlin UP-TO-DATE
> Task :buildSrc:compileJava UP-TO-DATE
> Task :buildSrc:compileGroovy NO-SOURCE
> Task :buildSrc:pluginDescriptors UP-TO-DATE
> Task :buildSrc:processResources UP-TO-DATE
> Task :buildSrc:classes UP-TO-DATE
> Task :buildSrc:inspectClassesForKotlinIC UP-TO-DATE
> Task :buildSrc:jar UP-TO-DATE
> Task :buildSrc:assemble UP-TO-DATE
> Task :buildSrc:compileTestKotlin UP-TO-DATE
> Task :buildSrc:pluginUnderTestMetadata UP-TO-DATE
> Task :buildSrc:compileTestJava UP-TO-DATE
> Task :buildSrc:compileTestGroovy NO-SOURCE
> Task :buildSrc:processTestResources NO-SOURCE
> Task :buildSrc:testClasses UP-TO-DATE
> Task :buildSrc:test UP-TO-DATE
> Task :buildSrc:validatePlugins UP-TO-DATE
> Task :buildSrc:check UP-TO-DATE
> Task :buildSrc:build UP-TO-DATE
> Task :compileKotlin UP-TO-DATE
> Task :compileJava UP-TO-DATE
> Task :processResources
> Task :classes
> Task :compileTestKotlin UP-TO-DATE
> Task :compileTestJava UP-TO-DATE

Deprecated Gradle features were used in this build, making it incompatible with Gradle 8.0.

You can use '--warning-mode all' to show the individual deprecation warnings and determine if they come from your own scripts or plugins.

See https://docs.gradle.org/7.3/userguide/command_line_interface.html#sec:command_line_warnings

BUILD SUCCESSFUL in 18s
16 actionable tasks: 1 executed, 15 up-to-date
✓ Compilation successful

==========================================
Test: Compare Original DP vs Optimized DP
  - Original DP: O(n²) complexity
  - Optimized DP: O(n log n) with binary search
  - Parallel DP: Multi-threaded for large problems
==========================================

> Task :buildSrc:compileKotlin UP-TO-DATE
> Task :buildSrc:compileJava UP-TO-DATE
> Task :buildSrc:compileGroovy NO-SOURCE
> Task :buildSrc:pluginDescriptors UP-TO-DATE
> Task :buildSrc:processResources UP-TO-DATE
> Task :buildSrc:classes UP-TO-DATE
> Task :buildSrc:inspectClassesForKotlinIC UP-TO-DATE
> Task :buildSrc:jar UP-TO-DATE
> Task :buildSrc:assemble UP-TO-DATE
> Task :buildSrc:compileTestKotlin UP-TO-DATE
> Task :buildSrc:pluginUnderTestMetadata UP-TO-DATE
> Task :buildSrc:compileTestJava UP-TO-DATE
> Task :buildSrc:compileTestGroovy NO-SOURCE
> Task :buildSrc:processTestResources NO-SOURCE
> Task :buildSrc:testClasses UP-TO-DATE
> Task :buildSrc:test UP-TO-DATE
> Task :buildSrc:validatePlugins UP-TO-DATE
> Task :buildSrc:check UP-TO-DATE
> Task :buildSrc:build UP-TO-DATE
> Task :compileKotlin UP-TO-DATE
> Task :compileJava UP-TO-DATE
> Task :processResources
> Task :classes
> Task :compileTestKotlin UP-TO-DATE
> Task :compileTestJava UP-TO-DATE
> Task :processTestResources UP-TO-DATE
> Task :testClasses UP-TO-DATE

> Task :test

TestDPOptimizations > testPhase1Optimizations() PASSED

Deprecated Gradle features were used in this build, making it incompatible with Gradle 8.0.

You can use '--warning-mode all' to show the individual deprecation warnings and determine if they come from your own scripts or plugins.

See https://docs.gradle.org/7.3/userguide/command_line_interface.html#sec:command_line_warnings

BUILD SUCCESSFUL in 55s
18 actionable tasks: 2 executed, 16 up-to-date

==========================================
Final Summary
==========================================
End time: Wed Dec 31 10:47:07 PM EST 2025

✓✓✓ PHASE 1 OPTIMIZATIONS TEST PASSED ✓✓✓

Optimizations Verified:
  ✓ Binary search for findLastNonOverlapping
  ✓ O(n²) → O(n log n) complexity reduction
  ✓ Parallel DP for large problems
  ✓ Performance comparison with original DP

