=========================================
Full Performance Comparison
Original Greedy vs Phase 1 vs Phase 1+2
Date: Thu Jan  1 09:39:03 PM EST 2026
Job ID: 10355738
Node: linux56
=========================================

Running comprehensive comparison on 5, 7, and 9 residues...
This will test:
  1. Original Greedy (baseline)
  2. Phase 1 (DP optimizations)
  3. Phase 1+2 (DP + TRUE Subtree Caching)

To honour the JVM settings for this build a single-use Daemon process will be forked. See https://docs.gradle.org/7.3/userguide/gradle_daemon.html#sec:disabling_the_daemon.
Daemon will be stopped at the end of the build 
> Task :buildSrc:compileKotlin UP-TO-DATE
> Task :buildSrc:compileJava UP-TO-DATE
> Task :buildSrc:compileGroovy NO-SOURCE
> Task :buildSrc:pluginDescriptors UP-TO-DATE
> Task :buildSrc:processResources UP-TO-DATE
> Task :buildSrc:classes UP-TO-DATE
> Task :buildSrc:inspectClassesForKotlinIC UP-TO-DATE
> Task :buildSrc:jar UP-TO-DATE
> Task :buildSrc:assemble UP-TO-DATE
> Task :buildSrc:compileTestKotlin UP-TO-DATE
> Task :buildSrc:pluginUnderTestMetadata UP-TO-DATE
> Task :buildSrc:compileTestJava UP-TO-DATE
> Task :buildSrc:compileTestGroovy NO-SOURCE
> Task :buildSrc:processTestResources NO-SOURCE
> Task :buildSrc:testClasses UP-TO-DATE
> Task :buildSrc:test UP-TO-DATE
> Task :buildSrc:validatePlugins UP-TO-DATE
> Task :buildSrc:check UP-TO-DATE
> Task :buildSrc:build UP-TO-DATE
> Task :compileKotlin UP-TO-DATE
> Task :compileJava UP-TO-DATE
> Task :processResources
> Task :classes
> Task :compileTestKotlin UP-TO-DATE
> Task :compileTestJava UP-TO-DATE
> Task :processTestResources UP-TO-DATE
> Task :testClasses UP-TO-DATE

> Task :test

TestDPvsOriginal > testComprehensiveComparison() PASSED

Deprecated Gradle features were used in this build, making it incompatible with Gradle 8.0.

You can use '--warning-mode all' to show the individual deprecation warnings and determine if they come from your own scripts or plugins.

See https://docs.gradle.org/7.3/userguide/command_line_interface.html#sec:command_line_warnings

BUILD SUCCESSFUL in 1m 10s
18 actionable tasks: 2 executed, 16 up-to-date

=========================================
Test completed with exit code: 0
Date: Thu Jan  1 09:40:14 PM EST 2026
=========================================
