=========================================
Phase 2 Test: 1 Mutable + 3 Flexible
Total: 4 positions (G648 mutable + 3 wild-type)
Original vs Phase 1 vs Phase 1+2
Date: Fri Jan  2 09:53:32 PM EST 2026
Job ID: 10366753
Node: compsci-cluster-fitz-35
=========================================
ERROR: Unable to locate a modulefile for 'java/17'

Running comprehensive comparison on 3 flexible residues...
Configuration: buildConfSpace(3) → 1 mutable (G648) + 3 flexible
This will test:
  1. Original Greedy (baseline)
  2. Phase 1 (DP optimizations)
  3. Phase 1+2 (DP + TRUE Subtree Caching)

Starting a Gradle Daemon, 11 busy and 3 incompatible and 1 stopped Daemons could not be reused, use --status for details
> Task :buildSrc:compileKotlin UP-TO-DATE
> Task :buildSrc:compileJava UP-TO-DATE
> Task :buildSrc:compileGroovy NO-SOURCE
> Task :buildSrc:pluginDescriptors UP-TO-DATE
> Task :buildSrc:processResources UP-TO-DATE
> Task :buildSrc:classes UP-TO-DATE
> Task :buildSrc:inspectClassesForKotlinIC UP-TO-DATE
> Task :buildSrc:jar UP-TO-DATE
> Task :buildSrc:assemble UP-TO-DATE
> Task :buildSrc:compileTestKotlin UP-TO-DATE
> Task :buildSrc:pluginUnderTestMetadata UP-TO-DATE
> Task :buildSrc:compileTestJava UP-TO-DATE
> Task :buildSrc:compileTestGroovy NO-SOURCE
> Task :buildSrc:processTestResources NO-SOURCE
> Task :buildSrc:testClasses UP-TO-DATE
> Task :buildSrc:test UP-TO-DATE
> Task :buildSrc:validatePlugins UP-TO-DATE
> Task :buildSrc:check UP-TO-DATE
> Task :buildSrc:build UP-TO-DATE
> Task :compileKotlin UP-TO-DATE
> Task :compileJava UP-TO-DATE
> Task :processResources
> Task :classes
> Task :compileTestKotlin UP-TO-DATE
> Task :compileTestJava UP-TO-DATE
> Task :processTestResources UP-TO-DATE
> Task :testClasses UP-TO-DATE

> Task :test
WARNING: Using incubator modules: jdk.incubator.foreign
[2026-01-02T21:55:06.469] error: *** JOB 10366753 ON compsci-cluster-fitz-35 CANCELLED AT 2026-01-02T21:55:06 DUE to SIGNAL Terminated ***
