-I: Adding /home/users/lz280/miniconda3/envs/AmberTools22/dat/leap/prep to search path.
-I: Adding /home/users/lz280/miniconda3/envs/AmberTools22/dat/leap/lib to search path.
-I: Adding /home/users/lz280/miniconda3/envs/AmberTools22/dat/leap/parm to search path.
-I: Adding /home/users/lz280/miniconda3/envs/AmberTools22/dat/leap/cmd to search path.
-f: Source tleap.in.

Welcome to LEaP!
(no leaprc in search path)
Sourcing: ./tleap.in
----- Source: /home/users/lz280/miniconda3/envs/AmberTools22/dat/leap/cmd/leaprc.protein.ff14SB
----- Source of /home/users/lz280/miniconda3/envs/AmberTools22/dat/leap/cmd/leaprc.protein.ff14SB done
Log file: ./leap.log
Loading parameters: /home/users/lz280/miniconda3/envs/AmberTools22/dat/leap/parm/parm10.dat
Reading title:
PARM99 + frcmod.ff99SB + frcmod.parmbsc0 + OL3 for RNA
Loading parameters: /home/users/lz280/miniconda3/envs/AmberTools22/dat/leap/parm/frcmod.ff14SB
Reading force field modification type file (frcmod)
Reading title:
ff14SB protein backbone and sidechain parameters
Loading library: /home/users/lz280/miniconda3/envs/AmberTools22/dat/leap/lib/amino12.lib
Loading library: /home/users/lz280/miniconda3/envs/AmberTools22/dat/leap/lib/aminoct12.lib
Loading library: /home/users/lz280/miniconda3/envs/AmberTools22/dat/leap/lib/aminont12.lib
Loading PDB file: ../3bte_clean_no_dup_rn_strip_reduce_prep_rc_add_rc.pdb
  total atoms in file: 4052
Checking 'mol'....

/home/users/lz280/miniconda3/envs/AmberTools22/bin/teLeap: Warning!
There is a bond of 4.516 angstroms between C and N atoms:
-------  .R<ALA 163>.A<C 9> and .R<TYR 164>.A<N 1>

/home/users/lz280/miniconda3/envs/AmberTools22/bin/teLeap: Warning!
There is a bond of 3.279 angstroms between C and N atoms:
-------  .R<GLY 167>.A<C 6> and .R<LYS 168>.A<N 1>

/home/users/lz280/miniconda3/envs/AmberTools22/bin/teLeap: Warning!
There is a bond of 3.109 angstroms between C and N atoms:
-------  .R<CYX 195>.A<C 9> and .R<GLN 196>.A<N 1>

/home/users/lz280/miniconda3/envs/AmberTools22/bin/teLeap: Warning!
The unperturbed charge of the unit (10.000000) is not zero.

/home/users/lz280/miniconda3/envs/AmberTools22/bin/teLeap: Warning!
Close contact of 1.453 angstroms between nonbonded atoms H3 and H2
-------  .R<NILE 1>.A<H3 4> and .R<NILE 1>.A<H2 3>

/home/users/lz280/miniconda3/envs/AmberTools22/bin/teLeap: Warning!
Close contact of 1.453 angstroms between nonbonded atoms H3 and H1
-------  .R<NILE 1>.A<H3 4> and .R<NILE 1>.A<H1 2>

/home/users/lz280/miniconda3/envs/AmberTools22/bin/teLeap: Warning!
Close contact of 1.453 angstroms between nonbonded atoms H2 and H1
-------  .R<NILE 1>.A<H2 3> and .R<NILE 1>.A<H1 2>

/home/users/lz280/miniconda3/envs/AmberTools22/bin/teLeap: Warning!
Close contact of 1.489 angstroms between nonbonded atoms HD22 and HD21
-------  .R<ASN 10>.A<HD22 12> and .R<ASN 10>.A<HD21 11>

/home/users/lz280/miniconda3/envs/AmberTools22/bin/teLeap: Warning!
Close contact of 1.247 angstroms between nonbonded atoms HD21 and HE
-------  .R<ASN 10>.A<HD21 11> and .R<ARG 99>.A<HE 15>

/home/users/lz280/miniconda3/envs/AmberTools22/bin/teLeap: Warning!
Close contact of 1.489 angstroms between nonbonded atoms HE22 and HE21
-------  .R<GLN 15>.A<HE22 15> and .R<GLN 15>.A<HE21 14>

/home/users/lz280/miniconda3/envs/AmberTools22/bin/teLeap: Warning!
Close contact of 1.490 angstroms between nonbonded atoms HD22 and HD21
-------  .R<ASN 19>.A<HD22 12> and .R<ASN 19>.A<HD21 11>

/home/users/lz280/miniconda3/envs/AmberTools22/bin/teLeap: Warning!
Close contact of 1.490 angstroms between nonbonded atoms HD22 and HD21
-------  .R<ASN 31>.A<HD22 12> and .R<ASN 31>.A<HD21 11>

/home/users/lz280/miniconda3/envs/AmberTools22/bin/teLeap: Warning!
Close contact of 1.489 angstroms between nonbonded atoms HE22 and HE21
-------  .R<GLN 33>.A<HE22 15> and .R<GLN 33>.A<HE21 14>

/home/users/lz280/miniconda3/envs/AmberTools22/bin/teLeap: Warning!
Close contact of 1.489 angstroms between nonbonded atoms HE22 and HE21
-------  .R<GLN 47>.A<HE22 15> and .R<GLN 47>.A<HE21 14>

/home/users/lz280/miniconda3/envs/AmberTools22/bin/teLeap: Warning!
Close contact of 1.489 angstroms between nonbonded atoms HH22 and HH21
-------  .R<ARG 49>.A<HH22 22> and .R<ARG 49>.A<HH21 21>

/home/users/lz280/miniconda3/envs/AmberTools22/bin/teLeap: Warning!
Close contact of 1.490 angstroms between nonbonded atoms HH12 and HH11
-------  .R<ARG 49>.A<HH12 19> and .R<ARG 49>.A<HH11 18>

/home/users/lz280/miniconda3/envs/AmberTools22/bin/teLeap: Warning!
Close contact of 1.162 angstroms between nonbonded atoms O and HH21
-------  .R<GLY 51>.A<O 7> and .R<ARG 99>.A<HH21 21>

/home/users/lz280/miniconda3/envs/AmberTools22/bin/teLeap: Warning!
Close contact of 1.490 angstroms between nonbonded atoms HD22 and HD21
-------  .R<ASN 54>.A<HD22 12> and .R<ASN 54>.A<HD21 11>

/home/users/lz280/miniconda3/envs/AmberTools22/bin/teLeap: Warning!
Close contact of 1.489 angstroms between nonbonded atoms HD22 and HD21
-------  .R<ASN 56>.A<HD22 12> and .R<ASN 56>.A<HD21 11>

/home/users/lz280/miniconda3/envs/AmberTools22/bin/teLeap: Warning!
Close contact of 0.837 angstroms between nonbonded atoms HD22 and HD2
-------  .R<ASN 61>.A<HD22 12> and .R<ARG 99>.A<HD2 12>

/home/users/lz280/miniconda3/envs/AmberTools22/bin/teLeap: Warning!
Close contact of 1.403 angstroms between nonbonded atoms HD21 and CG
-------  .R<ASN 61>.A<HD21 11> and .R<ARG 99>.A<CG 8>

/home/users/lz280/miniconda3/envs/AmberTools22/bin/teLeap: Warning!
Close contact of 1.059 angstroms between nonbonded atoms HD21 and HB2
-------  .R<ASN 61>.A<HD21 11> and .R<ARG 99>.A<HB2 6>

/home/users/lz280/miniconda3/envs/AmberTools22/bin/teLeap: Warning!
Close contact of 1.071 angstroms between nonbonded atoms HD21 and CB
-------  .R<ASN 61>.A<HD21 11> and .R<ARG 99>.A<CB 5>

/home/users/lz280/miniconda3/envs/AmberTools22/bin/teLeap: Warning!
Close contact of 0.676 angstroms between nonbonded atoms ND2 and HD2
-------  .R<ASN 61>.A<ND2 10> and .R<ARG 99>.A<HD2 12>

/home/users/lz280/miniconda3/envs/AmberTools22/bin/teLeap: Warning!
Close contact of 1.132 angstroms between nonbonded atoms ND2 and CD
-------  .R<ASN 61>.A<ND2 10> and .R<ARG 99>.A<CD 11>

/home/users/lz280/miniconda3/envs/AmberTools22/bin/teLeap: Warning!
Close contact of 1.102 angstroms between nonbonded atoms OD1 and HD3
-------  .R<ASN 61>.A<OD1 9> and .R<ARG 99>.A<HD3 13>

/home/users/lz280/miniconda3/envs/AmberTools22/bin/teLeap: Warning!
Close contact of 1.027 angstroms between nonbonded atoms CG and HD3
-------  .R<ASN 61>.A<CG 8> and .R<ARG 99>.A<HD3 13>

/home/users/lz280/miniconda3/envs/AmberTools22/bin/teLeap: Warning!
Close contact of 1.221 angstroms between nonbonded atoms CG and HD2
-------  .R<ASN 61>.A<CG 8> and .R<ARG 99>.A<HD2 12>

/home/users/lz280/miniconda3/envs/AmberTools22/bin/teLeap: Warning!
Close contact of 1.305 angstroms between nonbonded atoms CG and CD
-------  .R<ASN 61>.A<CG 8> and .R<ARG 99>.A<CD 11>

/home/users/lz280/miniconda3/envs/AmberTools22/bin/teLeap: Warning!
Close contact of 1.245 angstroms between nonbonded atoms HB3 and HH11
-------  .R<ASN 61>.A<HB3 7> and .R<ARG 99>.A<HH11 18>

/home/users/lz280/miniconda3/envs/AmberTools22/bin/teLeap: Warning!
Close contact of 0.969 angstroms between nonbonded atoms HB3 and NH1
-------  .R<ASN 61>.A<HB3 7> and .R<ARG 99>.A<NH1 17>

/home/users/lz280/miniconda3/envs/AmberTools22/bin/teLeap: Warning!
Close contact of 1.170 angstroms between nonbonded atoms HB3 and CZ
-------  .R<ASN 61>.A<HB3 7> and .R<ARG 99>.A<CZ 16>

/home/users/lz280/miniconda3/envs/AmberTools22/bin/teLeap: Warning!
Close contact of 1.459 angstroms between nonbonded atoms HB2 and HH11
-------  .R<ASN 61>.A<HB2 6> and .R<ARG 99>.A<HH11 18>

/home/users/lz280/miniconda3/envs/AmberTools22/bin/teLeap: Warning!
Close contact of 0.504 angstroms between nonbonded atoms CB and HH11
-------  .R<ASN 61>.A<CB 5> and .R<ARG 99>.A<HH11 18>

/home/users/lz280/miniconda3/envs/AmberTools22/bin/teLeap: Warning!
Close contact of 1.262 angstroms between nonbonded atoms CB and NH1
-------  .R<ASN 61>.A<CB 5> and .R<ARG 99>.A<NH1 17>

/home/users/lz280/miniconda3/envs/AmberTools22/bin/teLeap: Warning!
Close contact of 1.079 angstroms between nonbonded atoms CA and HH11
-------  .R<ASN 61>.A<CA 3> and .R<ARG 99>.A<HH11 18>

/home/users/lz280/miniconda3/envs/AmberTools22/bin/teLeap: Warning!
Close contact of 1.453 angstroms between nonbonded atoms CA and NH1
-------  .R<ASN 61>.A<CA 3> and .R<ARG 99>.A<NH1 17>

/home/users/lz280/miniconda3/envs/AmberTools22/bin/teLeap: Warning!
Close contact of 0.947 angstroms between nonbonded atoms H and HH12
-------  .R<ASN 61>.A<H 2> and .R<ARG 99>.A<HH12 19>

/home/users/lz280/miniconda3/envs/AmberTools22/bin/teLeap: Warning!
Close contact of 1.295 angstroms between nonbonded atoms N and HH12
-------  .R<ASN 61>.A<N 1> and .R<ARG 99>.A<HH12 19>

/home/users/lz280/miniconda3/envs/AmberTools22/bin/teLeap: Warning!
Close contact of 1.489 angstroms between nonbonded atoms HE22 and HE21
-------  .R<GLN 63>.A<HE22 15> and .R<GLN 63>.A<HE21 14>

/home/users/lz280/miniconda3/envs/AmberTools22/bin/teLeap: Warning!
Close contact of 1.453 angstroms between nonbonded atoms HZ3 and HZ2
-------  .R<LYS 69>.A<HZ3 20> and .R<LYS 69>.A<HZ2 19>

/home/users/lz280/miniconda3/envs/AmberTools22/bin/teLeap: Warning!
Close contact of 1.454 angstroms between nonbonded atoms HZ3 and HZ1
-------  .R<LYS 69>.A<HZ3 20> and .R<LYS 69>.A<HZ1 18>

/home/users/lz280/miniconda3/envs/AmberTools22/bin/teLeap: Warning!
Close contact of 1.454 angstroms between nonbonded atoms HZ2 and HZ1
-------  .R<LYS 69>.A<HZ2 19> and .R<LYS 69>.A<HZ1 18>

/home/users/lz280/miniconda3/envs/AmberTools22/bin/teLeap: Warning!
Close contact of 1.489 angstroms between nonbonded atoms HD22 and HD21
-------  .R<ASN 77>.A<HD22 12> and .R<ASN 77>.A<HD21 11>

/home/users/lz280/miniconda3/envs/AmberTools22/bin/teLeap: Warning!
Close contact of 1.489 angstroms between nonbonded atoms HD22 and HD21
-------  .R<ASN 82>.A<HD22 12> and .R<ASN 82>.A<HD21 11>

/home/users/lz280/miniconda3/envs/AmberTools22/bin/teLeap: Warning!
Close contact of 1.489 angstroms between nonbonded atoms HD22 and HD21
-------  .R<ASN 83>.A<HD22 12> and .R<ASN 83>.A<HD21 11>

/home/users/lz280/miniconda3/envs/AmberTools22/bin/teLeap: Warning!
Close contact of 1.453 angstroms between nonbonded atoms HZ3 and HZ2
-------  .R<LYS 89>.A<HZ3 20> and .R<LYS 89>.A<HZ2 19>

/home/users/lz280/miniconda3/envs/AmberTools22/bin/teLeap: Warning!
Close contact of 1.453 angstroms between nonbonded atoms HZ3 and HZ1
-------  .R<LYS 89>.A<HZ3 20> and .R<LYS 89>.A<HZ1 18>

/home/users/lz280/miniconda3/envs/AmberTools22/bin/teLeap: Warning!
Close contact of 1.454 angstroms between nonbonded atoms HZ2 and HZ1
-------  .R<LYS 89>.A<HZ2 19> and .R<LYS 89>.A<HZ1 18>

/home/users/lz280/miniconda3/envs/AmberTools22/bin/teLeap: Warning!
Close contact of 1.453 angstroms between nonbonded atoms HZ3 and HZ2
-------  .R<LYS 91>.A<HZ3 20> and .R<LYS 91>.A<HZ2 19>

/home/users/lz280/miniconda3/envs/AmberTools22/bin/teLeap: Warning!
Close contact of 1.454 angstroms between nonbonded atoms HZ3 and HZ1
-------  .R<LYS 91>.A<HZ3 20> and .R<LYS 91>.A<HZ1 18>

/home/users/lz280/miniconda3/envs/AmberTools22/bin/teLeap: Warning!
Close contact of 1.453 angstroms between nonbonded atoms HZ2 and HZ1
-------  .R<LYS 91>.A<HZ2 19> and .R<LYS 91>.A<HZ1 18>

/home/users/lz280/miniconda3/envs/AmberTools22/bin/teLeap: Warning!
Close contact of 0.872 angstroms between nonbonded atoms O and HA
-------  .R<CASN 97>.A<O 14> and .R<NSER 98>.A<HA 6>

/home/users/lz280/miniconda3/envs/AmberTools22/bin/teLeap: Warning!
Close contact of 1.322 angstroms between nonbonded atoms OG and H
-------  .R<NSER 98>.A<OG 10> and .R<ARG 99>.A<H 2>

/home/users/lz280/miniconda3/envs/AmberTools22/bin/teLeap: Warning!
Close contact of 1.201 angstroms between nonbonded atoms HB3 and HB2
-------  .R<NSER 98>.A<HB3 9> and .R<ARG 99>.A<HB2 6>

/home/users/lz280/miniconda3/envs/AmberTools22/bin/teLeap: Warning!
Close contact of 1.407 angstroms between nonbonded atoms HB3 and CB
-------  .R<NSER 98>.A<HB3 9> and .R<ARG 99>.A<CB 5>

/home/users/lz280/miniconda3/envs/AmberTools22/bin/teLeap: Warning!
Close contact of 1.374 angstroms between nonbonded atoms HB3 and CA
-------  .R<NSER 98>.A<HB3 9> and .R<ARG 99>.A<CA 3>

/home/users/lz280/miniconda3/envs/AmberTools22/bin/teLeap: Warning!
Close contact of 0.973 angstroms between nonbonded atoms HB2 and HB3
-------  .R<NSER 98>.A<HB2 8> and .R<ARG 99>.A<HB3 7>

/home/users/lz280/miniconda3/envs/AmberTools22/bin/teLeap: Warning!
Close contact of 0.730 angstroms between nonbonded atoms CB and H
-------  .R<NSER 98>.A<CB 7> and .R<ARG 99>.A<H 2>

/home/users/lz280/miniconda3/envs/AmberTools22/bin/teLeap: Warning!
Close contact of 1.186 angstroms between nonbonded atoms CB and N
-------  .R<NSER 98>.A<CB 7> and .R<ARG 99>.A<N 1>

/home/users/lz280/miniconda3/envs/AmberTools22/bin/teLeap: Warning!
Close contact of 1.108 angstroms between nonbonded atoms CA and H
-------  .R<NSER 98>.A<CA 5> and .R<ARG 99>.A<H 2>

/home/users/lz280/miniconda3/envs/AmberTools22/bin/teLeap: Warning!
Close contact of 0.751 angstroms between nonbonded atoms CA and N
-------  .R<NSER 98>.A<CA 5> and .R<ARG 99>.A<N 1>

/home/users/lz280/miniconda3/envs/AmberTools22/bin/teLeap: Warning!
Close contact of 0.642 angstroms between nonbonded atoms H3 and C
-------  .R<NSER 98>.A<H3 4> and .R<ARG 99>.A<C 23>

/home/users/lz280/miniconda3/envs/AmberTools22/bin/teLeap: Warning!
Close contact of 1.056 angstroms between nonbonded atoms H3 and CA
-------  .R<NSER 98>.A<H3 4> and .R<ARG 99>.A<CA 3>

/home/users/lz280/miniconda3/envs/AmberTools22/bin/teLeap: Warning!
Close contact of 1.476 angstroms between nonbonded atoms H2 and C
-------  .R<NSER 98>.A<H2 3> and .R<ARG 99>.A<C 23>

/home/users/lz280/miniconda3/envs/AmberTools22/bin/teLeap: Warning!
Close contact of 0.734 angstroms between nonbonded atoms H2 and H
-------  .R<NSER 98>.A<H2 3> and .R<VAL 100>.A<H 2>

/home/users/lz280/miniconda3/envs/AmberTools22/bin/teLeap: Warning!
Close contact of 0.382 angstroms between nonbonded atoms H2 and N
-------  .R<NSER 98>.A<H2 3> and .R<VAL 100>.A<N 1>

/home/users/lz280/miniconda3/envs/AmberTools22/bin/teLeap: Warning!
Close contact of 1.294 angstroms between nonbonded atoms H1 and C
-------  .R<NSER 98>.A<H1 2> and .R<ARG 99>.A<C 23>

/home/users/lz280/miniconda3/envs/AmberTools22/bin/teLeap: Warning!
Close contact of 0.892 angstroms between nonbonded atoms N and C
-------  .R<NSER 98>.A<N 1> and .R<ARG 99>.A<C 23>

/home/users/lz280/miniconda3/envs/AmberTools22/bin/teLeap: Warning!
Close contact of 1.498 angstroms between nonbonded atoms N and CA
-------  .R<NSER 98>.A<N 1> and .R<ARG 99>.A<CA 3>

/home/users/lz280/miniconda3/envs/AmberTools22/bin/teLeap: Warning!
Close contact of 1.364 angstroms between nonbonded atoms N and H
-------  .R<NSER 98>.A<N 1> and .R<VAL 100>.A<H 2>

/home/users/lz280/miniconda3/envs/AmberTools22/bin/teLeap: Warning!
Close contact of 1.098 angstroms between nonbonded atoms N and N
-------  .R<NSER 98>.A<N 1> and .R<VAL 100>.A<N 1>

/home/users/lz280/miniconda3/envs/AmberTools22/bin/teLeap: Warning!
Close contact of 0.831 angstroms between nonbonded atoms OXT and H2
-------  .R<CGLN 115>.A<OXT 18> and .R<NCYX 116>.A<H2 3>

/home/users/lz280/miniconda3/envs/AmberTools22/bin/teLeap: Warning!
Close contact of 1.032 angstroms between nonbonded atoms OXT and H1
-------  .R<CGLN 115>.A<OXT 18> and .R<NCYX 116>.A<H1 2>

/home/users/lz280/miniconda3/envs/AmberTools22/bin/teLeap: Warning!
Close contact of 0.895 angstroms between nonbonded atoms OXT and N
-------  .R<CGLN 115>.A<OXT 18> and .R<NCYX 116>.A<N 1>

/home/users/lz280/miniconda3/envs/AmberTools22/bin/teLeap: Warning!
Close contact of 1.324 angstroms between nonbonded atoms O and H2
-------  .R<CGLN 115>.A<O 17> and .R<NCYX 116>.A<H2 3>

/home/users/lz280/miniconda3/envs/AmberTools22/bin/teLeap: Warning!
Close contact of 0.490 angstroms between nonbonded atoms C and H2
-------  .R<CGLN 115>.A<C 16> and .R<NCYX 116>.A<H2 3>

/home/users/lz280/miniconda3/envs/AmberTools22/bin/teLeap: Warning!
Close contact of 1.280 angstroms between nonbonded atoms C and N
-------  .R<CGLN 115>.A<C 16> and .R<NCYX 116>.A<N 1>

/home/users/lz280/miniconda3/envs/AmberTools22/bin/teLeap: Warning!
Close contact of 1.171 angstroms between nonbonded atoms HE22 and HB3
-------  .R<CGLN 115>.A<HE22 15> and .R<LYS 139>.A<HB3 7>

/home/users/lz280/miniconda3/envs/AmberTools22/bin/teLeap: Warning!
Close contact of 1.490 angstroms between nonbonded atoms HD22 and HD21
-------  .R<ASN 123>.A<HD22 12> and .R<ASN 123>.A<HD21 11>

/home/users/lz280/miniconda3/envs/AmberTools22/bin/teLeap: Warning!
Close contact of 1.453 angstroms between nonbonded atoms HZ3 and HZ2
-------  .R<LYS 136>.A<HZ3 20> and .R<LYS 136>.A<HZ2 19>

/home/users/lz280/miniconda3/envs/AmberTools22/bin/teLeap: Warning!
Close contact of 1.454 angstroms between nonbonded atoms HZ3 and HZ1
-------  .R<LYS 136>.A<HZ3 20> and .R<LYS 136>.A<HZ1 18>

/home/users/lz280/miniconda3/envs/AmberTools22/bin/teLeap: Warning!
Close contact of 1.453 angstroms between nonbonded atoms HZ2 and HZ1
-------  .R<LYS 136>.A<HZ2 19> and .R<LYS 136>.A<HZ1 18>

/home/users/lz280/miniconda3/envs/AmberTools22/bin/teLeap: Warning!
Close contact of 1.490 angstroms between nonbonded atoms HE22 and HE21
-------  .R<GLN 155>.A<HE22 15> and .R<GLN 155>.A<HE21 14>

/home/users/lz280/miniconda3/envs/AmberTools22/bin/teLeap: Warning!
Close contact of 1.489 angstroms between nonbonded atoms HD22 and HD21
-------  .R<ASN 159>.A<HD22 12> and .R<ASN 159>.A<HD21 11>

/home/users/lz280/miniconda3/envs/AmberTools22/bin/teLeap: Warning!
Close contact of 1.490 angstroms between nonbonded atoms HE22 and HE21
-------  .R<GLN 172>.A<HE22 15> and .R<GLN 172>.A<HE21 14>

/home/users/lz280/miniconda3/envs/AmberTools22/bin/teLeap: Warning!
Close contact of 1.453 angstroms between nonbonded atoms HZ3 and HZ2
-------  .R<LYS 184>.A<HZ3 20> and .R<LYS 184>.A<HZ2 19>

/home/users/lz280/miniconda3/envs/AmberTools22/bin/teLeap: Warning!
Close contact of 1.453 angstroms between nonbonded atoms HZ3 and HZ1
-------  .R<LYS 184>.A<HZ3 20> and .R<LYS 184>.A<HZ1 18>

/home/users/lz280/miniconda3/envs/AmberTools22/bin/teLeap: Warning!
Close contact of 1.454 angstroms between nonbonded atoms HZ2 and HZ1
-------  .R<LYS 184>.A<HZ2 19> and .R<LYS 184>.A<HZ1 18>

/home/users/lz280/miniconda3/envs/AmberTools22/bin/teLeap: Warning!
Close contact of 1.489 angstroms between nonbonded atoms HE22 and HE21
-------  .R<GLN 186>.A<HE22 15> and .R<GLN 186>.A<HE21 14>

/home/users/lz280/miniconda3/envs/AmberTools22/bin/teLeap: Warning!
Close contact of 1.489 angstroms between nonbonded atoms HD22 and HD21
-------  .R<ASN 198>.A<HD22 12> and .R<ASN 198>.A<HD21 11>

/home/users/lz280/miniconda3/envs/AmberTools22/bin/teLeap: Warning!
Close contact of 1.453 angstroms between nonbonded atoms HZ3 and HZ2
-------  .R<LYS 199>.A<HZ3 20> and .R<LYS 199>.A<HZ2 19>

/home/users/lz280/miniconda3/envs/AmberTools22/bin/teLeap: Warning!
Close contact of 1.453 angstroms between nonbonded atoms HZ3 and HZ1
-------  .R<LYS 199>.A<HZ3 20> and .R<LYS 199>.A<HZ1 18>

/home/users/lz280/miniconda3/envs/AmberTools22/bin/teLeap: Warning!
Close contact of 1.453 angstroms between nonbonded atoms HZ2 and HZ1
-------  .R<LYS 199>.A<HZ2 19> and .R<LYS 199>.A<HZ1 18>

/home/users/lz280/miniconda3/envs/AmberTools22/bin/teLeap: Warning!
Close contact of 1.490 angstroms between nonbonded atoms HD22 and HD21
-------  .R<ASN 208>.A<HD22 12> and .R<ASN 208>.A<HD21 11>

/home/users/lz280/miniconda3/envs/AmberTools22/bin/teLeap: Warning!
Close contact of 1.453 angstroms between nonbonded atoms HZ3 and HZ2
-------  .R<LYS 214>.A<HZ3 20> and .R<LYS 214>.A<HZ2 19>

/home/users/lz280/miniconda3/envs/AmberTools22/bin/teLeap: Warning!
Close contact of 1.452 angstroms between nonbonded atoms HZ3 and HZ1
-------  .R<LYS 214>.A<HZ3 20> and .R<LYS 214>.A<HZ1 18>

/home/users/lz280/miniconda3/envs/AmberTools22/bin/teLeap: Warning!
Close contact of 1.453 angstroms between nonbonded atoms HZ2 and HZ1
-------  .R<LYS 214>.A<HZ2 19> and .R<LYS 214>.A<HZ1 18>

/home/users/lz280/miniconda3/envs/AmberTools22/bin/teLeap: Warning!
Close contact of 1.490 angstroms between nonbonded atoms HE22 and HE21
-------  .R<GLN 215>.A<HE22 15> and .R<GLN 215>.A<HE21 14>

/home/users/lz280/miniconda3/envs/AmberTools22/bin/teLeap: Warning!
Close contact of 1.489 angstroms between nonbonded atoms HD22 and HD21
-------  .R<CASN 220>.A<HD22 12> and .R<CASN 220>.A<HD21 11>

/home/users/lz280/miniconda3/envs/AmberTools22/bin/teLeap: Warning!
Close contact of 1.453 angstroms between nonbonded atoms H3 and H2
-------  .R<NASP 221>.A<H3 4> and .R<NASP 221>.A<H2 3>

/home/users/lz280/miniconda3/envs/AmberTools22/bin/teLeap: Warning!
Close contact of 1.453 angstroms between nonbonded atoms H3 and H1
-------  .R<NASP 221>.A<H3 4> and .R<NASP 221>.A<H1 2>

/home/users/lz280/miniconda3/envs/AmberTools22/bin/teLeap: Warning!
Close contact of 1.453 angstroms between nonbonded atoms H2 and H1
-------  .R<NASP 221>.A<H2 3> and .R<NASP 221>.A<H1 2>

/home/users/lz280/miniconda3/envs/AmberTools22/bin/teLeap: Warning!
Close contact of 1.490 angstroms between nonbonded atoms HH22 and HH21
-------  .R<ARG 235>.A<HH22 22> and .R<ARG 235>.A<HH21 21>

/home/users/lz280/miniconda3/envs/AmberTools22/bin/teLeap: Warning!
Close contact of 1.489 angstroms between nonbonded atoms HH12 and HH11
-------  .R<ARG 235>.A<HH12 19> and .R<ARG 235>.A<HH11 18>

/home/users/lz280/miniconda3/envs/AmberTools22/bin/teLeap: Warning!
Close contact of 1.489 angstroms between nonbonded atoms HH22 and HH21
-------  .R<ARG 238>.A<HH22 22> and .R<ARG 238>.A<HH21 21>

/home/users/lz280/miniconda3/envs/AmberTools22/bin/teLeap: Warning!
Close contact of 1.490 angstroms between nonbonded atoms HH12 and HH11
-------  .R<ARG 238>.A<HH12 19> and .R<ARG 238>.A<HH11 18>

/home/users/lz280/miniconda3/envs/AmberTools22/bin/teLeap: Warning!
Close contact of 1.490 angstroms between nonbonded atoms HD22 and HD21
-------  .R<ASN 242>.A<HD22 12> and .R<ASN 242>.A<HD21 11>

/home/users/lz280/miniconda3/envs/AmberTools22/bin/teLeap: Warning!
Close contact of 1.490 angstroms between nonbonded atoms HE22 and HE21
-------  .R<GLN 249>.A<HE22 15> and .R<GLN 249>.A<HE21 14>

/home/users/lz280/miniconda3/envs/AmberTools22/bin/teLeap: Warning!
Close contact of 1.489 angstroms between nonbonded atoms HH22 and HH21
-------  .R<ARG 257>.A<HH22 22> and .R<ARG 257>.A<HH21 21>

/home/users/lz280/miniconda3/envs/AmberTools22/bin/teLeap: Warning!
Close contact of 1.490 angstroms between nonbonded atoms HH12 and HH11
-------  .R<ARG 257>.A<HH12 19> and .R<ARG 257>.A<HH11 18>

/home/users/lz280/miniconda3/envs/AmberTools22/bin/teLeap: Warning!
Close contact of 1.490 angstroms between nonbonded atoms HH22 and HH21
-------  .R<ARG 260>.A<HH22 22> and .R<ARG 260>.A<HH21 21>

/home/users/lz280/miniconda3/envs/AmberTools22/bin/teLeap: Warning!
Close contact of 1.489 angstroms between nonbonded atoms HH12 and HH11
-------  .R<ARG 260>.A<HH12 19> and .R<ARG 260>.A<HH11 18>

/home/users/lz280/miniconda3/envs/AmberTools22/bin/teLeap: Warning!
Close contact of 1.490 angstroms between nonbonded atoms HD22 and HD21
-------  .R<ASN 261>.A<HD22 12> and .R<ASN 261>.A<HD21 11>

/home/users/lz280/miniconda3/envs/AmberTools22/bin/teLeap: Warning!
Close contact of 1.489 angstroms between nonbonded atoms HD22 and HD21
-------  .R<ASN 262>.A<HD22 12> and .R<ASN 262>.A<HD21 11>

/home/users/lz280/miniconda3/envs/AmberTools22/bin/teLeap: Warning!
Close contact of 1.452 angstroms between nonbonded atoms HZ3 and HZ2
-------  .R<LYS 264>.A<HZ3 20> and .R<LYS 264>.A<HZ2 19>

/home/users/lz280/miniconda3/envs/AmberTools22/bin/teLeap: Warning!
Close contact of 1.452 angstroms between nonbonded atoms HZ3 and HZ1
-------  .R<LYS 264>.A<HZ3 20> and .R<LYS 264>.A<HZ1 18>

/home/users/lz280/miniconda3/envs/AmberTools22/bin/teLeap: Warning!
Close contact of 1.453 angstroms between nonbonded atoms HZ2 and HZ1
-------  .R<LYS 264>.A<HZ2 19> and .R<LYS 264>.A<HZ1 18>

/home/users/lz280/miniconda3/envs/AmberTools22/bin/teLeap: Warning!
Close contact of 1.490 angstroms between nonbonded atoms HH22 and HH21
-------  .R<ARG 271>.A<HH22 22> and .R<ARG 271>.A<HH21 21>

/home/users/lz280/miniconda3/envs/AmberTools22/bin/teLeap: Warning!
Close contact of 1.489 angstroms between nonbonded atoms HH12 and HH11
-------  .R<ARG 271>.A<HH12 19> and .R<ARG 271>.A<HH11 18>
Checking parameters for unit 'mol'.
Checking for bond parameters.
Checking for angle parameters.
check:  Warnings: 120
Unit is OK.
Checking Unit.

/home/users/lz280/miniconda3/envs/AmberTools22/bin/teLeap: Warning!
There is a bond of 4.516 angstroms between C and N atoms:
-------  .R<ALA 163>.A<C 9> and .R<TYR 164>.A<N 1>

/home/users/lz280/miniconda3/envs/AmberTools22/bin/teLeap: Warning!
There is a bond of 3.279 angstroms between C and N atoms:
-------  .R<GLY 167>.A<C 6> and .R<LYS 168>.A<N 1>

/home/users/lz280/miniconda3/envs/AmberTools22/bin/teLeap: Warning!
There is a bond of 3.109 angstroms between C and N atoms:
-------  .R<CYX 195>.A<C 9> and .R<GLN 196>.A<N 1>

/home/users/lz280/miniconda3/envs/AmberTools22/bin/teLeap: Warning!
The unperturbed charge of the unit (10.000000) is not zero.

/home/users/lz280/miniconda3/envs/AmberTools22/bin/teLeap: Note.
Ignoring the warnings from Unit Checking.

Building topology.
Building atom parameters.
Building bond parameters.
Building angle parameters.
Building proper torsion parameters.
Building improper torsion parameters.
 total 826 improper torsions applied
Building H-Bond parameters.
Incorporating Non-Bonded adjustments.
Not Marking per-residue atom chain types.
Marking per-residue atom chain types.
  (Residues lacking connect0/connect1 - 
   these don't have chain types marked:

	res	total affected

	CALA	1
	CASN	2
	CGLN	1
	NASP	1
	NCYX	1
	NILE	1
	NSER	1
  )
 (no restraints)
