            --------------------------------------------------------
                             AMBER SQM VERSION 19
 
                                     By
              Ross C. Walker, Michael F. Crowley, Scott Brozell,
                         Tim Giese, Andreas W. Goetz,
                        Tai-Sung Lee and David A. Case
 
            --------------------------------------------------------
 

--------------------------------------------------------------------------------
  QM CALCULATION INFO
--------------------------------------------------------------------------------

| QMMM: Citation for AMBER QMMM Run:
| QMMM: R.C. Walker, M.F. Crowley and D.A. Case, J. COMP. CHEM. 29:1019, 2008

QMMM: SINGLET STATE CALCULATION
QMMM: RHF CALCULATION, NO. OF DOUBLY OCCUPIED LEVELS = 34

| QMMM: *** Selected Hamiltonian *** 
| QMMM: AM1         

| QMMM: *** Parameter sets in use ***
| QMMM: O : M.J.S.DEWAR et al. JACS, 107, 3902, (1985)
| QMMM: C : M.J.S.DEWAR et al. JACS, 107, 3902, (1985)
| QMMM: N : M.J.S.DEWAR et al. JACS, 107, 3902, (1985)
| QMMM: H : M.J.S.DEWAR et al. JACS, 107, 3902, (1985)

| QMMM: *** SCF convergence criteria ***
| QMMM: Energy change                :  0.1D-09 kcal/mol
| QMMM: Error matrix |FP-PF|         :  0.1D+00 au
| QMMM: Density matrix change        :  0.5D-06
| QMMM: Maximum number of SCF cycles :     1000

| QMMM: *** Diagonalization Routine Information ***
| QMMM: Pseudo diagonalizations are allowed.
| QMMM: Auto diagonalization routine selection is in use.
| QMMM:
| QMMM: Timing diagonalization routines:
| QMMM:                              norbs =       62
| QMMM:    diag iterations used for timing =       15
| QMMM:
| QMMM:              Internal diag routine = 0.008938 seconds
| QMMM:                 Dspev diag routine = 0.155386 seconds
| QMMM:                Dspevd diag routine = 0.279576 seconds
| QMMM:                Dspevx diag routine = 0.221656 seconds
| QMMM:                 Dsyev diag routine = 0.291727 seconds
| QMMM:                Dsyevd diag routine = 0.417688 seconds
| QMMM:                Dsyevr diag routine = 0.273578 seconds
| QMMM:
| QMMM:                Pseudo diag routine = 0.003623 seconds
| QMMM:
| QMMM: Using internal diagonalization routine (diag_routine=1).

  QMMM: QM Region Cartesian Coordinates (*=link atom) 
  QMMM: QM_NO.   MM_NO.  ATOM         X         Y         Z
  QMMM:     1        1      O        1.0060   -0.5570    4.7380
  QMMM:     2        2      C       -0.0530    0.0070    4.5720
  QMMM:     3        3      C       -0.8610    0.4600    5.7610
  QMMM:     4        4      N       -0.5090    0.2310    3.3240
  QMMM:     5        5      C        0.2750   -0.2080    2.1670
  QMMM:     6        6      C       -0.4610    0.1640    0.8790
  QMMM:     7        7      C        0.3580   -0.2940   -0.3270
  QMMM:     8        8      C       -0.3770    0.0780   -1.6150
  QMMM:     9        9      C        0.4420   -0.3810   -2.8230
  QMMM:    10       10      N        1.7550    0.2760   -2.8020
  QMMM:    11       11      C       -0.2830   -0.0130   -4.0920
  QMMM:    12       12      O       -0.0790    1.0560   -4.6160
  QMMM:    13       13      H       -0.3360    0.1940    6.6790
  QMMM:    14       14      H       -0.9940    1.5410    5.7190
  QMMM:    15       15      H       -1.8350   -0.0270    5.7460
  QMMM:    16       16      H       -1.3570    0.6830    3.1910
  QMMM:    17       17      H        1.2500    0.2780    2.1830
  QMMM:    18       18      H        0.4090   -1.2890    2.2090
  QMMM:    19       19      H       -1.4350   -0.3220    0.8640
  QMMM:    20       20      H       -0.5940    1.2450    0.8370
  QMMM:    21       21      H        1.3330    0.1920   -0.3120
  QMMM:    22       22      H        0.4920   -1.3750   -0.2850
  QMMM:    23       23      H       -1.3520   -0.4090   -1.6310
  QMMM:    24       24      H       -0.5110    1.1590   -1.6570
  QMMM:    25       25      H        0.5750   -1.4620   -2.7810
  QMMM:    26       26      H        1.5830    1.2690   -2.8420

--------------------------------------------------------------------------------
  RESULTS
--------------------------------------------------------------------------------

      iter         sqm energy              rms gradient
      ----    -------------------    -----------------------
xmin    10      -52.1567 kcal/mol        0.9272 kcal/(mol*A)
xmin    20      -53.0080 kcal/mol        1.4547 kcal/(mol*A)
xmin    30      -53.2798 kcal/mol        0.8336 kcal/(mol*A)
xmin    40      -53.6477 kcal/mol        1.7054 kcal/(mol*A)
xmin    50      -54.2297 kcal/mol        0.6640 kcal/(mol*A)
xmin    60      -54.6140 kcal/mol        0.6637 kcal/(mol*A)
xmin    70      -54.9078 kcal/mol        0.3826 kcal/(mol*A)
xmin    80      -55.2110 kcal/mol        0.2294 kcal/(mol*A)
xmin    90      -55.3981 kcal/mol        0.2321 kcal/(mol*A)
xmin   100      -55.5498 kcal/mol        0.2211 kcal/(mol*A)
xmin   110      -55.6788 kcal/mol        0.2685 kcal/(mol*A)
xmin   120      -55.7609 kcal/mol        0.3491 kcal/(mol*A)
xmin   130      -55.8244 kcal/mol        0.4554 kcal/(mol*A)
xmin   140      -55.8607 kcal/mol        0.3898 kcal/(mol*A)
xmin   150      -55.8776 kcal/mol        0.1583 kcal/(mol*A)
xmin   160      -55.9030 kcal/mol        0.1951 kcal/(mol*A)
xmin   170      -55.9180 kcal/mol        0.0582 kcal/(mol*A)
xmin   180      -55.9310 kcal/mol        0.0338 kcal/(mol*A)
xmin   190      -55.9398 kcal/mol        0.0587 kcal/(mol*A)
xmin   200      -55.9438 kcal/mol        0.0436 kcal/(mol*A)
xmin   210      -55.9460 kcal/mol        0.0279 kcal/(mol*A)
xmin   220      -55.9509 kcal/mol        0.0439 kcal/(mol*A)
xmin   230      -55.9518 kcal/mol        0.0326 kcal/(mol*A)
xmin   240      -55.9535 kcal/mol        0.1097 kcal/(mol*A)
xmin   250      -55.9544 kcal/mol        0.0350 kcal/(mol*A)
xmin   260      -55.9558 kcal/mol        0.0241 kcal/(mol*A)
xmin   270      -55.9564 kcal/mol        0.0202 kcal/(mol*A)
xmin   280      -55.9566 kcal/mol        0.0074 kcal/(mol*A)
xmin   290      -55.9572 kcal/mol        0.0130 kcal/(mol*A)
xmin   300      -55.9575 kcal/mol        0.0305 kcal/(mol*A)
xmin   310      -55.9578 kcal/mol        0.0159 kcal/(mol*A)
xmin   320      -55.9582 kcal/mol        0.0196 kcal/(mol*A)
xmin   330      -55.9586 kcal/mol        0.0139 kcal/(mol*A)
xmin   340      -55.9588 kcal/mol        0.0211 kcal/(mol*A)
xmin   350      -55.9598 kcal/mol        0.1883 kcal/(mol*A)
xmin   360      -55.9606 kcal/mol        0.0234 kcal/(mol*A)
xmin   370      -55.9610 kcal/mol        0.0108 kcal/(mol*A)
xmin   380      -55.9612 kcal/mol        0.0106 kcal/(mol*A)
xmin   390      -55.9616 kcal/mol        0.0059 kcal/(mol*A)
xmin   400      -55.9619 kcal/mol        0.0090 kcal/(mol*A)
xmin   410      -55.9622 kcal/mol        0.0342 kcal/(mol*A)
xmin   420      -55.9625 kcal/mol        0.0044 kcal/(mol*A)
xmin   430      -55.9630 kcal/mol        0.0290 kcal/(mol*A)
xmin   440      -55.9632 kcal/mol        0.0310 kcal/(mol*A)
xmin   450      -55.9637 kcal/mol        0.0219 kcal/(mol*A)
xmin   460      -55.9642 kcal/mol        0.0207 kcal/(mol*A)
xmin   470      -55.9645 kcal/mol        0.0087 kcal/(mol*A)
xmin   480      -55.9650 kcal/mol        0.0192 kcal/(mol*A)
xmin   490      -55.9658 kcal/mol        0.0113 kcal/(mol*A)
xmin   500      -55.9663 kcal/mol        0.0414 kcal/(mol*A)
xmin   510      -55.9668 kcal/mol        0.0223 kcal/(mol*A)
xmin   520      -55.9678 kcal/mol        0.0448 kcal/(mol*A)
xmin   530      -55.9682 kcal/mol        0.0352 kcal/(mol*A)
xmin   540      -55.9700 kcal/mol        0.1425 kcal/(mol*A)
xmin   550      -55.9721 kcal/mol        0.0151 kcal/(mol*A)
xmin   560      -55.9750 kcal/mol        0.1370 kcal/(mol*A)
xmin   570      -55.9765 kcal/mol        0.0307 kcal/(mol*A)
xmin   580      -55.9775 kcal/mol        0.0170 kcal/(mol*A)
xmin   590      -55.9783 kcal/mol        0.0136 kcal/(mol*A)
xmin   600      -55.9788 kcal/mol        0.0298 kcal/(mol*A)
xmin   610      -55.9804 kcal/mol        0.0163 kcal/(mol*A)
xmin   620      -55.9808 kcal/mol        0.0330 kcal/(mol*A)
xmin   630      -55.9824 kcal/mol        0.0244 kcal/(mol*A)
xmin   640      -55.9828 kcal/mol        0.0157 kcal/(mol*A)
xmin   650      -55.9835 kcal/mol        0.0314 kcal/(mol*A)
xmin   660      -55.9845 kcal/mol        0.0201 kcal/(mol*A)
xmin   670      -55.9849 kcal/mol        0.0080 kcal/(mol*A)
xmin   680      -55.9851 kcal/mol        0.0141 kcal/(mol*A)
xmin   690      -55.9854 kcal/mol        0.0067 kcal/(mol*A)
xmin   700      -55.9856 kcal/mol        0.0224 kcal/(mol*A)
xmin   710      -55.9858 kcal/mol        0.0074 kcal/(mol*A)
xmin   720      -55.9861 kcal/mol        0.0088 kcal/(mol*A)
xmin   730      -55.9861 kcal/mol        0.0066 kcal/(mol*A)
xmin   740      -55.9860 kcal/mol        0.0225 kcal/(mol*A)
xmin   750      -55.9865 kcal/mol        0.0070 kcal/(mol*A)
xmin   760      -55.9865 kcal/mol        0.0020 kcal/(mol*A)
xmin   770      -55.9865 kcal/mol        0.0029 kcal/(mol*A)
xmin   780      -55.9865 kcal/mol        0.0014 kcal/(mol*A)
xmin   790      -55.9865 kcal/mol        0.0046 kcal/(mol*A)
xmin   800      -55.9865 kcal/mol        0.0013 kcal/(mol*A)
xmin   810      -55.9865 kcal/mol        0.0008 kcal/(mol*A)
xmin   820      -55.9865 kcal/mol        0.0024 kcal/(mol*A)
  ... geometry converged !
 
 Final MO eigenvalues (eV):
 -40.7493  -39.7429  -37.8825  -36.2158  -34.2686  -31.3245  -29.2489  -25.0341
 -22.3214  -21.9009  -21.6252  -21.4022  -17.9864  -17.2030  -16.7222  -16.6903
 -15.8409  -15.8362  -15.7704  -15.1541  -14.6408  -14.4348  -14.0358  -13.5652
 -13.3157  -13.0392  -12.8545  -12.7026  -12.3099  -11.8281  -11.5141  -10.9274
 -10.6451  -10.0521    1.1428    1.3300    1.4004    1.4526    2.0814    3.2792
   3.3643    3.5195    3.6054    3.6978    3.7955    3.9214    3.9879    4.0196
   4.1847    4.2174    4.3670    4.4147    4.4344    4.6018    4.7237    4.8297
   5.1279    5.3617    5.7683    6.1476    6.7529    7.0254

 Heat of formation   =        -55.98654713 kcal/mol  (       -2.42775886 eV)

 Total SCF energy    =     -52380.69077735 kcal/mol  (    -2271.39719775 eV)
 Electronic energy   =    -242083.15068456 kcal/mol  (   -10497.51314707 eV)
 Core-core repulsion =     189702.45990721 kcal/mol  (     8226.11594932 eV)
 
    Atomic Charges for Step       1 :
  Atom    Element       Mulliken Charge
     1      O                 -0.366
     2      C                  0.298
     3      C                 -0.243
     4      N                 -0.382
     5      C                 -0.030
     6      C                 -0.186
     7      C                 -0.151
     8      C                 -0.190
     9      C                 -0.055
    10      N                 -0.248
    11      C                  0.216
    12      O                 -0.217
    13      H                  0.118
    14      H                  0.095
    15      H                  0.102
    16      H                  0.216
    17      H                  0.125
    18      H                  0.080
    19      H                  0.076
    20      H                  0.092
    21      H                  0.093
    22      H                  0.083
    23      H                  0.099
    24      H                  0.092
    25      H                  0.142
    26      H                  0.140
 Total Mulliken Charge =      -0.000
 
                  X        Y        Z     TOTAL  
  QM DIPOLE    -4.185    0.793    1.814    4.630
 
 Final Structure

  QMMM: QM Region Cartesian Coordinates (*=link atom) 
  QMMM: QM_NO.   MM_NO.  ATOM         X         Y         Z
  QMMM:     1        1      O        1.3707    0.1939    4.4573
  QMMM:     2        2      C        0.1332    0.2440    4.6010
  QMMM:     3        3      C       -0.4932    0.8414    5.8379
  QMMM:     4        4      N       -0.7240   -0.2871    3.6522
  QMMM:     5        5      C       -0.2637   -0.7908    2.3895
  QMMM:     6        6      C       -0.5700    0.1130    1.1925
  QMMM:     7        7      C       -0.0858   -0.5413   -0.0834
  QMMM:     8        8      C       -0.3686    0.3380   -1.2833
  QMMM:     9        9      C        0.0757   -0.3258   -2.5528
  QMMM:    10       10      N        0.6926    0.1712   -3.5518
  QMMM:    11       11      C        2.0159    0.2936   -6.2366
  QMMM:    12       12      O        2.0867    1.3796   -5.7999
  QMMM:    13       13      H        0.3204    1.2101    6.5090
  QMMM:    14       14      H       -1.1569    1.6973    5.5677
  QMMM:    15       15      H       -1.0918    0.0723    6.3829
  QMMM:    16       16      H       -1.6948   -0.1065    3.7385
  QMMM:    17       17      H        0.8516   -0.9524    2.4502
  QMMM:    18       18      H       -0.7545   -1.7927    2.2172
  QMMM:    19       19      H       -1.6727    0.3045    1.1229
  QMMM:    20       20      H       -0.0644    1.1051    1.3236
  QMMM:    21       21      H        1.0168   -0.7366   -0.0116
  QMMM:    22       22      H       -0.5920   -1.5343   -0.2148
  QMMM:    23       23      H       -1.4731    0.5318   -1.3591
  QMMM:    24       24      H        0.1339    1.3326   -1.1458
  QMMM:    25       25      H       -0.1897   -1.4038   -2.6186
  QMMM:    26       26      H        0.9383    1.1390   -3.4987

           --------- Calculation Completed ----------

