no change     /home/users/lz280/miniconda3/condabin/conda
no change     /home/users/lz280/miniconda3/bin/conda
no change     /home/users/lz280/miniconda3/bin/conda-env
no change     /home/users/lz280/miniconda3/bin/activate
no change     /home/users/lz280/miniconda3/bin/deactivate
no change     /home/users/lz280/miniconda3/etc/profile.d/conda.sh
no change     /home/users/lz280/miniconda3/etc/fish/conf.d/conda.fish
no change     /home/users/lz280/miniconda3/shell/condabin/Conda.psm1
no change     /home/users/lz280/miniconda3/shell/condabin/conda-hook.ps1
no change     /home/users/lz280/miniconda3/lib/python3.12/site-packages/xontrib/conda.xsh
no change     /home/users/lz280/miniconda3/etc/profile.d/conda.csh
no change     /home/users/lz280/.bashrc
No action taken.
OSPREY 3.3-dev, Python 3.10.13, Java 17.0.14, Linux-5.19.0-32-generic-x86_64-with-glibc2.35
Using up to 1024 MiB heap memory: 128 MiB for garbage, 896 MiB for storage
read PDB file from file: 6dv2_strip_reduce_prep_rc_add_rc.pdb
Calculating reference energies for 55 residue confs...
Progress:  100.0%   ETA: 0 ns
Finished in 109.7 ms
Calculating energy matrix with 674 entries
Progress:  100.0%   ETA: 1000.0 us
Finished in 779.5 ms
wrote energy matrix to file: /home/users/lz280/IdeaProjects/OSPREY3/examples/python.GMEC/emat.protein.dat
