no change     /home/users/lz280/miniconda3/condabin/conda
no change     /home/users/lz280/miniconda3/bin/conda
no change     /home/users/lz280/miniconda3/bin/conda-env
no change     /home/users/lz280/miniconda3/bin/activate
no change     /home/users/lz280/miniconda3/bin/deactivate
no change     /home/users/lz280/miniconda3/etc/profile.d/conda.sh
no change     /home/users/lz280/miniconda3/etc/fish/conf.d/conda.fish
no change     /home/users/lz280/miniconda3/shell/condabin/Conda.psm1
no change     /home/users/lz280/miniconda3/shell/condabin/conda-hook.ps1
no change     /home/users/lz280/miniconda3/lib/python3.12/site-packages/xontrib/conda.xsh
no change     /home/users/lz280/miniconda3/etc/profile.d/conda.csh
no change     /home/users/lz280/.bashrc
No action taken.
OSPREY 3.3-dev, Python 3.10.13, Java 17.0.14, Linux-5.15.0-140-generic-x86_64-with-glibc2.35
Using up to 768000 MiB heap memory: 128 MiB for garbage, 767872 MiB for storage
read PDB file from file: 3btd_clean_no_dup_strip_reduce_prep_rc_add_rc.pdb
read PDB file from file: 3bte_clean_no_dup_strip_reduce_prep_rc_add_rc.pdb
WARNING: 1 Strand residue(s) could not be matched to templates and were automatically deleted:
LEU E 185
WARNING: 1 Strand residue(s) could not be matched to templates and were automatically deleted:
LEU E 185
sequence space has 2 sequences
Residue Types:
	0:E169  [ 0:asp 1:ALA ]
Calculating reference energies for 82 residue confs...
Progress:  100.0%   ETA: 0 ns
Finished in 99.7 ms
read energy matrix from file: /home/users/lz280/IdeaProjects/OSPREY3/examples/python.GMEC/emat_Bound.dat
WARNING: energy matrix from file is invalid, will create new one
Calculating energy matrix with 2808 entries
Progress:  100.0%   ETA: 9.0 ms
Finished in 567.0 ms
wrote energy matrix to file: /home/users/lz280/IdeaProjects/OSPREY3/examples/python.GMEC/emat_Bound.dat
Calculating reference energies for 84 residue confs...
Progress:  100.0%   ETA: 0 ns
Finished in 19.3 ms
read energy matrix from file: /home/users/lz280/IdeaProjects/OSPREY3/examples/python.GMEC/emat_Bound.dat
WARNING: energy matrix from file is invalid, will create new one
Calculating energy matrix with 2960 entries
Progress:  100.0%   ETA: 5.0 ms
Finished in 616.1 ms
wrote energy matrix to file: /home/users/lz280/IdeaProjects/OSPREY3/examples/python.GMEC/emat_Bound.dat
Calculating reference energies for 74 residue confs...
Progress:  100.0%   ETA: 0 ns
Finished in 8.0 ms
read energy matrix from file: /home/users/lz280/IdeaProjects/OSPREY3/examples/python.GMEC/emat_Unbound.dat
WARNING: energy matrix from file is invalid, will create new one
Calculating energy matrix with 2196 entries
Progress:  100.0%   ETA: 0 ns
Finished in 253.1 ms
wrote energy matrix to file: /home/users/lz280/IdeaProjects/OSPREY3/examples/python.GMEC/emat_Unbound.dat
Calculating reference energies for 73 residue confs...
Progress:  100.0%   ETA: 0 ns
Finished in 6.9 ms
read energy matrix from file: /home/users/lz280/IdeaProjects/OSPREY3/examples/python.GMEC/emat_Unbound.dat
WARNING: energy matrix from file is invalid, will create new one
Calculating energy matrix with 2128 entries
Progress:  100.0%   ETA: 0 ns
Finished in 224.5 ms
wrote energy matrix to file: /home/users/lz280/IdeaProjects/OSPREY3/examples/python.GMEC/emat_Unbound.dat

COMETS searching for the 5 best sequences among 2 with up to 1 simultaneous mutations ...
(up to objective function value 0.000000 kcal/mol, or +10.000000 kcal/mol relative to the best sequence)

Discovered promising sequence: E169=asp   objective lower bound:   -88.621822

Sequence calculation complete: E169    objective:    -1.347653   Wild-type
                               asp 
	State: Bound                   GMEC Energy:   -25.821902
	State: Bound                   GMEC Energy:   -24.477348
	State: Unbound                 GMEC Energy:   -12.519802
	State: Unbound                 GMEC Energy:   -12.522900

COMETS found the best 1 within the window that satisfy all the constraints
COMETS design completed successfully!
